#
# There is insufficient memory for the Java Runtime Environment to continue.
# Native memory allocation (mmap) failed to map 130023424 bytes for Failed to commit area from 0x0000000085800000 to 0x000000008d400000 of length 130023424.
# Possible reasons:
#   The system is out of physical RAM or swap space
#   The process is running with CompressedOops enabled, and the Java Heap may be blocking the growth of the native heap
# Possible solutions:
#   Reduce memory load on the system
#   Increase physical memory or swap space
#   Check if swap backing store is full
#   Decrease Java heap size (-Xmx/-Xms)
#   Decrease number of Java threads
#   Decrease Java thread stack sizes (-Xss)
#   Set larger code cache with -XX:ReservedCodeCacheSize=
# This output file may be truncated or incomplete.
#
#  Out of Memory Error (./open/src/hotspot/os/windows/os_windows.cpp:3273), pid=15024, tid=19580
#
# JRE version:  (11.0.12+8) (build )
# Java VM: Java HotSpot(TM) 64-Bit Server VM (11.0.12+8-LTS-237, mixed mode, sharing, tiered, compressed oops, g1 gc, windows-amd64)
# No core dump will be written. Minidumps are not enabled by default on client versions of Windows
#

---------------  S U M M A R Y ------------

Command Line: com.apiBookRest.ApiBookRestApplication

Host: Intel(R) Core(TM) i7-8550U CPU @ 1.80GHz, 8 cores, 7G,  Windows 10 , 64 bit Build 19041 (10.0.19041.1741)
Time: Fri Jul 15 21:31:25 2022 SA Pacific Standard Time elapsed time: 0.011922 seconds (0d 0h 0m 0s)

---------------  T H R E A D  ---------------

Current thread (0x00000207146b2800):  JavaThread "Unknown thread" [_thread_in_vm, id=19580, stack(0x0000003378400000,0x0000003378500000)]

Stack: [0x0000003378400000,0x0000003378500000]
Native frames: (J=compiled Java code, j=interpreted, Vv=VM code, C=native code)
V  [jvm.dll+0x617d9a]
V  [jvm.dll+0x74eeef]
V  [jvm.dll+0x750599]
V  [jvm.dll+0x750c23]
V  [jvm.dll+0x2438d8]
V  [jvm.dll+0x61518a]
V  [jvm.dll+0x609f45]
V  [jvm.dll+0x2f85cc]
V  [jvm.dll+0x2f8452]
V  [jvm.dll+0x2fd106]
V  [jvm.dll+0x33f6ef]
V  [jvm.dll+0x33f120]
V  [jvm.dll+0x2d5ca8]
V  [jvm.dll+0x2d6e06]
V  [jvm.dll+0x72a977]
V  [jvm.dll+0x72c21f]
V  [jvm.dll+0x34c469]
V  [jvm.dll+0x710400]
V  [jvm.dll+0x3b5baf]
V  [jvm.dll+0x3b7cb1]
C  [jli.dll+0x520b]
C  [ucrtbase.dll+0x21bb2]
C  [KERNEL32.DLL+0x17034]
C  [ntdll.dll+0x52651]


---------------  P R O C E S S  ---------------

Threads class SMR info:
_java_thread_list=0x00000207124a6fb0, length=0, elements={
}

Java Threads: ( => current thread )

Other Threads:
  0x00000207146ca000 GCTaskThread "GC Thread#0" [stack: 0x0000003378500000,0x0000003378600000] [id=21028]
  0x00000207146f9000 ConcurrentGCThread "G1 Main Marker" [stack: 0x0000003378600000,0x0000003378700000] [id=14644]
  0x00000207146fb800 ConcurrentGCThread "G1 Conc#0" [stack: 0x0000003378700000,0x0000003378800000] [id=21224]

[error occurred during error reporting (printing all threads), id 0xc0000005, EXCEPTION_ACCESS_VIOLATION (0xc0000005) at pc=0x00007ffe6d1a4f37]

VM state:not at safepoint (not fully initialized)

VM Mutex/Monitor currently owned by a thread:  ([mutex/lock_event])
[0x00000207146aef30] Heap_lock - owner thread: 0x00000207146b2800

Heap address: 0x0000000085800000, size: 1960 MB, Compressed Oops mode: Non-zero based: 0x0000000085800000
Narrow klass base: 0x0000000000000000, Narrow klass shift: 0

GC Heap History (0 events):
No events

Deoptimization events (0 events):
No events

Classes redefined (0 events):
No events

Internal exceptions (0 events):
No events

Events (0 events):
No events


Dynamic libraries:
0x00007ff6c03f0000 - 0x00007ff6c03ff000 	C:\Program Files\Java\jdk-11.0.12\bin\java.exe
0x00007ffefb9d0000 - 0x00007ffefbbc7000 	C:\Windows\SYSTEM32\ntdll.dll
0x00007ffef9e70000 - 0x00007ffef9f2d000 	C:\Windows\System32\KERNEL32.DLL
0x00007ffef9410000 - 0x00007ffef96dd000 	C:\Windows\System32\KERNELBASE.dll
0x00007ffef61c0000 - 0x00007ffef6250000 	C:\Windows\SYSTEM32\apphelp.dll
0x00007ffef9930000 - 0x00007ffef9a30000 	C:\Windows\System32\ucrtbase.dll
0x00007ffef4390000 - 0x00007ffef43a5000 	C:\Program Files\Java\jdk-11.0.12\bin\VCRUNTIME140.dll
0x00007ffef44c0000 - 0x00007ffef44d8000 	C:\Program Files\Java\jdk-11.0.12\bin\jli.dll
0x00007ffefa3c0000 - 0x00007ffefa46e000 	C:\Windows\System32\ADVAPI32.dll
0x00007ffef9b30000 - 0x00007ffef9bce000 	C:\Windows\System32\msvcrt.dll
0x00007ffef9bd0000 - 0x00007ffef9c6c000 	C:\Windows\System32\sechost.dll
0x00007ffefa290000 - 0x00007ffefa3b5000 	C:\Windows\System32\RPCRT4.dll
0x00007ffefb210000 - 0x00007ffefb3b0000 	C:\Windows\System32\USER32.dll
0x00007ffeeb9f0000 - 0x00007ffeebc8a000 	C:\Windows\WinSxS\amd64_microsoft.windows.common-controls_6595b64144ccf1df_6.0.19041.1110_none_60b5254171f9507e\COMCTL32.dll
0x00007ffef9360000 - 0x00007ffef9382000 	C:\Windows\System32\win32u.dll
0x00007ffef9b00000 - 0x00007ffef9b2a000 	C:\Windows\System32\GDI32.dll
0x00007ffef9790000 - 0x00007ffef989b000 	C:\Windows\System32\gdi32full.dll
0x00007ffef92c0000 - 0x00007ffef935d000 	C:\Windows\System32\msvcp_win.dll
0x00007ffef14e0000 - 0x00007ffef14ea000 	C:\Windows\SYSTEM32\VERSION.dll
0x00007ffefa940000 - 0x00007ffefa970000 	C:\Windows\System32\IMM32.DLL
0x00007ffed1d60000 - 0x00007ffed1dfb000 	C:\Program Files\Java\jdk-11.0.12\bin\msvcp140.dll
0x00007ffe6cec0000 - 0x00007ffe6d9bf000 	C:\Program Files\Java\jdk-11.0.12\bin\server\jvm.dll
0x00007ffefb510000 - 0x00007ffefb518000 	C:\Windows\System32\PSAPI.DLL
0x00007ffee50b0000 - 0x00007ffee50b9000 	C:\Windows\SYSTEM32\WSOCK32.dll
0x00007ffeeb7a0000 - 0x00007ffeeb7c7000 	C:\Windows\SYSTEM32\WINMM.dll
0x00007ffefa4d0000 - 0x00007ffefa53b000 	C:\Windows\System32\WS2_32.dll
0x00007ffef7980000 - 0x00007ffef7992000 	C:\Windows\SYSTEM32\kernel.appcore.dll
0x00007ffef44e0000 - 0x00007ffef44f0000 	C:\Program Files\Java\jdk-11.0.12\bin\verify.dll
0x00007ffef6ee0000 - 0x00007ffef70c4000 	C:\Windows\SYSTEM32\DBGHELP.DLL
0x00007ffee0470000 - 0x00007ffee049c000 	C:\Windows\SYSTEM32\dbgcore.DLL
0x00007ffef98a0000 - 0x00007ffef9922000 	C:\Windows\System32\bcryptPrimitives.dll
0x00007ffeed9d0000 - 0x00007ffeed9f8000 	C:\Program Files\Java\jdk-11.0.12\bin\java.dll
0x00007ffef43d0000 - 0x00007ffef43da000 	C:\Program Files\Java\jdk-11.0.12\bin\jimage.dll
0x00007ffed1a80000 - 0x00007ffed1a96000 	C:\Program Files\Java\jdk-11.0.12\bin\zip.dll

dbghelp: loaded successfully - version: 4.0.5 - missing functions: none
symbol engine: initialized successfully - sym options: 0x614 - pdb path: .;C:\Program Files\Java\jdk-11.0.12\bin;C:\Windows\SYSTEM32;C:\Windows\WinSxS\amd64_microsoft.windows.common-controls_6595b64144ccf1df_6.0.19041.1110_none_60b5254171f9507e;C:\Program Files\Java\jdk-11.0.12\bin\server

VM Arguments:
java_command: com.apiBookRest.ApiBookRestApplication
java_class_path (initial): C:\Users\andre\Documents\NetBeansProjects\apiBookRest\target\classes;C:\Users\andre\.m2\repository\org\springframework\boot\spring-boot-starter-data-jpa\2.7.1\spring-boot-starter-data-jpa-2.7.1.jar;C:\Users\andre\.m2\repository\org\springframework\boot\spring-boot-starter-aop\2.7.1\spring-boot-starter-aop-2.7.1.jar;C:\Users\andre\.m2\repository\org\springframework\spring-aop\5.3.21\spring-aop-5.3.21.jar;C:\Users\andre\.m2\repository\org\aspectj\aspectjweaver\1.9.7\aspectjweaver-1.9.7.jar;C:\Users\andre\.m2\repository\org\springframework\boot\spring-boot-starter-jdbc\2.7.1\spring-boot-starter-jdbc-2.7.1.jar;C:\Users\andre\.m2\repository\com\zaxxer\HikariCP\4.0.3\HikariCP-4.0.3.jar;C:\Users\andre\.m2\repository\org\springframework\spring-jdbc\5.3.21\spring-jdbc-5.3.21.jar;C:\Users\andre\.m2\repository\jakarta\transaction\jakarta.transaction-api\1.3.3\jakarta.transaction-api-1.3.3.jar;C:\Users\andre\.m2\repository\jakarta\persistence\jakarta.persistence-api\2.2.3\jakarta.persistence-api-2.2.3.jar;C:\Users\andre\.m2\repository\org\hibernate\hibernate-core\5.6.9.Final\hibernate-core-5.6.9.Final.jar;C:\Users\andre\.m2\repository\org\jboss\logging\jboss-logging\3.4.3.Final\jboss-logging-3.4.3.Final.jar;C:\Users\andre\.m2\repository\net\bytebuddy\byte-buddy\1.12.11\byte-buddy-1.12.11.jar;C:\Users\andre\.m2\repository\antlr\antlr\2.7.7\antlr-2.7.7.jar;C:\Users\andre\.m2\repository\org\jboss\jandex\2.4.2.Final\jandex-2.4.2.Final.jar;C:\Users\andre\.m2\repository\com\fasterxml\classmate\1.5.1\classmate-1.5.1.jar;C:\Users\andre\.m2\repository\org\hibernate\common\hibernate-commons-annotations\5.1.2.Final\hibernate-commons-annotations-5.1.2.Final.jar;C:\Users\andre\.m2\repository\org\glassfish\jaxb\jaxb-runtime\2.3.6\jaxb-runtime-2.3.6.jar;C:\Users\andre\.m2\repository\org\glassfish\jaxb\txw2\2.3.6\txw2-2.3.6.jar;C:\Users\andre\.m2\repository\com\sun\istack\istack-commons-runtime\3.0.12\istack-commons-runtime-3.0.12.jar;C:\Users\andre\.m2\repository\
Launcher Type: SUN_STANDARD

[Global flags]
     intx CICompilerCount                          = 4                                         {product} {ergonomic}
     uint ConcGCThreads                            = 2                                         {product} {ergonomic}
     uint G1ConcRefinementThreads                  = 8                                         {product} {ergonomic}
   size_t G1HeapRegionSize                         = 1048576                                   {product} {ergonomic}
    uintx GCDrainStackTargetSize                   = 64                                        {product} {ergonomic}
   size_t InitialHeapSize                          = 130023424                                 {product} {ergonomic}
   size_t MarkStackSize                            = 4194304                                   {product} {ergonomic}
   size_t MaxHeapSize                              = 2055208960                                {product} {ergonomic}
   size_t MinHeapDeltaBytes                        = 1048576                                   {product} {ergonomic}
    uintx NonNMethodCodeHeapSize                   = 5836300                                {pd product} {ergonomic}
    uintx NonProfiledCodeHeapSize                  = 122910970                              {pd product} {ergonomic}
    uintx ProfiledCodeHeapSize                     = 122910970                              {pd product} {ergonomic}
    uintx ReservedCodeCacheSize                    = 251658240                              {pd product} {ergonomic}
     bool SegmentedCodeCache                       = true                                      {product} {ergonomic}
     bool UseCompressedClassPointers               = true                                 {lp64_product} {ergonomic}
     bool UseCompressedOops                        = true                                 {lp64_product} {ergonomic}
     bool UseG1GC                                  = true                                      {product} {ergonomic}
     bool UseLargePagesIndividualAllocation        = false                                  {pd product} {ergonomic}

Logging:
Log output configuration:
 #0: stdout all=warning uptime,level,tags
 #1: stderr all=off uptime,level,tags

Environment Variables:
JAVA_HOME=C:\Program Files\Java\jdk-11.0.12
PATH=C:\Windows\system32;C:\Windows;C:\Windows\System32\Wbem;C:\Windows\System32\WindowsPowerShell\v1.0\;C:\Windows\System32\OpenSSH\;C:\Program Files\nodejs\;C:\Users\andre\AppData\Roaming\npm;C:\Program Files\Git\cmd;C:\Program Files\PuTTY\;C:\Program Files\Microsoft SQL Server\150\Tools\Binn\;C:\Program Files\dotnet\;C:\apache-maven-3.8.3\bin;C:\Program Files\Java\jdk-11.0.12\bin;C:\apache-maven-3.8.6\bin;C:\Program Files\Microsoft SQL Server\Client SDK\ODBC\170\Tools\Binn\;C:\Program Files (x86)\Microsoft SQL Server\150\Tools\Binn\;C:\Program Files\Microsoft SQL Server\150\DTS\Binn\;C:\Program Files (x86)\Microsoft SQL Server\150\DTS\Binn\;C:\Program Files\Azure Data Studio\bin;C:\Users\andre\AppData\Local\Microsoft\WindowsApps;C:\Users\andre\AppData\Roaming\npm;C:\Users\andre\AppData\Local\Programs\Microsoft VS Code\bin;C:\Program Files\JetBrains\IntelliJ IDEA Community Edition 2021.2.1\bin;;C:\src\flutter\bin;C:\Program Files\Java\jdk-11.0.12\bin;C:\Users\andre\.dotnet\tools;C:\Program Files\heroku\bin;C:\Users\andre\AppData\Local\GitHubDesktop\bin;;C:\Program Files\Azure Data Studio\bin
USERNAME=ACE
OS=Windows_NT
PROCESSOR_IDENTIFIER=Intel64 Family 6 Model 142 Stepping 10, GenuineIntel



---------------  S Y S T E M  ---------------

OS: Windows 10 , 64 bit Build 19041 (10.0.19041.1741)

CPU:total 8 (initial active 8) (4 cores per cpu, 2 threads per core) family 6 model 142 stepping 10 microcode 0xe0, cmov, cx8, fxsr, mmx, sse, sse2, sse3, ssse3, sse4.1, sse4.2, popcnt, avx, avx2, aes, clmul, erms, 3dnowpref, lzcnt, ht, tsc, tscinvbit, bmi1, bmi2, adx, fma

Memory: 4k page, system-wide physical 7838M (431M free)
TotalPageFile size 20126M (AvailPageFile size 10M)
current process WorkingSet (physical memory assigned to process): 10M, peak: 10M
current process commit charge ("private bytes"): 60M, peak: 184M

vm_info: Java HotSpot(TM) 64-Bit Server VM (11.0.12+8-LTS-237) for windows-amd64 JRE (11.0.12+8-LTS-237), built on Jun  8 2021 11:25:59 by "mach5one" with MS VC++ 15.9 (VS2017)

END.
