#
# There is insufficient memory for the Java Runtime Environment to continue.
# Native memory allocation (malloc) failed to allocate 835216 bytes for Chunk::new
# Possible reasons:
#   The system is out of physical RAM or swap space
#   The process is running with CompressedOops enabled, and the Java Heap may be blocking the growth of the native heap
# Possible solutions:
#   Reduce memory load on the system
#   Increase physical memory or swap space
#   Check if swap backing store is full
#   Decrease Java heap size (-Xmx/-Xms)
#   Decrease number of Java threads
#   Decrease Java thread stack sizes (-Xss)
#   Set larger code cache with -XX:ReservedCodeCacheSize=
#   JVM is running with Unscaled Compressed Oops mode in which the Java heap is
#     placed in the first 4GB address space. The Java Heap base address is the
#     maximum limit for the native heap growth. Please use -XX:HeapBaseMinAddress
#     to set the Java Heap base and to place the Java Heap above 4GB virtual address.
# This output file may be truncated or incomplete.
#
#  Out of Memory Error (./open/src/hotspot/share/memory/arena.cpp:197), pid=19568, tid=21200
#
# JRE version: Java(TM) SE Runtime Environment 18.9 (11.0.12+8) (build 11.0.12+8-LTS-237)
# Java VM: Java HotSpot(TM) 64-Bit Server VM 18.9 (11.0.12+8-LTS-237, mixed mode, tiered, compressed oops, g1 gc, windows-amd64)
# No core dump will be written. Minidumps are not enabled by default on client versions of Windows
#

---------------  S U M M A R Y ------------

Command Line: -Dmaven.multiModuleProjectDirectory=C:\Users\andre\Documents\NetBeansProjects\apiBookRest org.apache.maven.wrapper.MavenWrapperMain -Dexec.vmArgs= -Dexec.args=${exec.vmArgs} -classpath %classpath ${exec.mainClass} ${exec.appArgs} -Dexec.executable=C:\Program Files\Java\jdk-11.0.12\bin\java.exe -Dexec.mainClass=com.apiBookRest.ApiBookRestApplication -Dexec.classpathScope=runtime -Dexec.appArgs= -Dmaven.ext.class.path=C:\Program Files\NetBeans-14\netbeans\java\maven-nblib\netbeans-eventspy.jar -Dfile.encoding=UTF-8 org.codehaus.mojo:exec-maven-plugin:3.0.0:exec

Host: Intel(R) Core(TM) i7-8550U CPU @ 1.80GHz, 8 cores, 7G,  Windows 10 , 64 bit Build 19041 (10.0.19041.1741)
Time: Fri Jul 15 21:31:55 2022 SA Pacific Standard Time elapsed time: 2.361341 seconds (0d 0h 0m 2s)

---------------  T H R E A D  ---------------

Current thread (0x00000255fe3a3800):  JavaThread "C2 CompilerThread0" daemon [_thread_in_native, id=21200, stack(0x000000c94c600000,0x000000c94c700000)]


Current CompileTask:
C2:   2361 2952   !   4       org.codehaus.plexus.interpolation.StringSearchInterpolator::interpolate (668 bytes)

Stack: [0x000000c94c600000,0x000000c94c700000]
Native frames: (J=compiled Java code, j=interpreted, Vv=VM code, C=native code)
V  [jvm.dll+0x617d9a]
V  [jvm.dll+0x74eeef]
V  [jvm.dll+0x750599]
V  [jvm.dll+0x750c23]
V  [jvm.dll+0x2438d8]
V  [jvm.dll+0xba6dc]
V  [jvm.dll+0xbac9c]
V  [jvm.dll+0x3469b7]
V  [jvm.dll+0x193d23]
V  [jvm.dll+0x1fd212]
V  [jvm.dll+0x1fc2ed]
V  [jvm.dll+0x17f18c]
V  [jvm.dll+0x20b87c]
V  [jvm.dll+0x20997b]
V  [jvm.dll+0x716359]
V  [jvm.dll+0x70f064]
V  [jvm.dll+0x616f66]
C  [ucrtbase.dll+0x21bb2]
C  [KERNEL32.DLL+0x17034]
C  [ntdll.dll+0x52651]


---------------  P R O C E S S  ---------------

Threads class SMR info:
_java_thread_list=0x00000255ff242a80, length=12, elements={
0x00000255edf5c800, 0x00000255fda4f000, 0x00000255fda75000, 0x00000255fda8c000,
0x00000255fda8e000, 0x00000255fe3a0800, 0x00000255fe3a3800, 0x00000255fe3a4800,
0x00000255fe3a7800, 0x00000255fe558000, 0x00000255feaff000, 0x00000255feedb800
}

Java Threads: ( => current thread )
  0x00000255edf5c800 JavaThread "main" [_thread_in_Java, id=19796, stack(0x000000c94ba00000,0x000000c94bb00000)]
  0x00000255fda4f000 JavaThread "Reference Handler" daemon [_thread_blocked, id=18656, stack(0x000000c94c100000,0x000000c94c200000)]
  0x00000255fda75000 JavaThread "Finalizer" daemon [_thread_blocked, id=17280, stack(0x000000c94c200000,0x000000c94c300000)]
  0x00000255fda8c000 JavaThread "Signal Dispatcher" daemon [_thread_blocked, id=2988, stack(0x000000c94c300000,0x000000c94c400000)]
  0x00000255fda8e000 JavaThread "Attach Listener" daemon [_thread_blocked, id=6900, stack(0x000000c94c400000,0x000000c94c500000)]
  0x00000255fe3a0800 JavaThread "Service Thread" daemon [_thread_blocked, id=21204, stack(0x000000c94c500000,0x000000c94c600000)]
=>0x00000255fe3a3800 JavaThread "C2 CompilerThread0" daemon [_thread_in_native, id=21200, stack(0x000000c94c600000,0x000000c94c700000)]
  0x00000255fe3a4800 JavaThread "C1 CompilerThread0" daemon [_thread_in_native, id=16192, stack(0x000000c94c700000,0x000000c94c800000)]
  0x00000255fe3a7800 JavaThread "Sweeper thread" daemon [_thread_blocked, id=9244, stack(0x000000c94c800000,0x000000c94c900000)]
  0x00000255fe558000 JavaThread "Common-Cleaner" daemon [_thread_blocked, id=9016, stack(0x000000c94ca00000,0x000000c94cb00000)]
  0x00000255feaff000 JavaThread "C2 CompilerThread1" daemon [_thread_in_native, id=9908, stack(0x000000c94cb00000,0x000000c94cc00000)]
  0x00000255feedb800 JavaThread "C2 CompilerThread2" daemon [_thread_in_native, id=14768, stack(0x000000c94cc00000,0x000000c94cd00000)]

Other Threads:
  0x00000255fda4c800 VMThread "VM Thread" [stack: 0x000000c94c000000,0x000000c94c100000] [id=19140]
  0x00000255fe557000 WatcherThread [stack: 0x000000c94c900000,0x000000c94ca00000] [id=5784]
  0x00000255edf73800 GCTaskThread "GC Thread#0" [stack: 0x000000c94bb00000,0x000000c94bc00000] [id=3776]
  0x00000255ff222800 GCTaskThread "GC Thread#1" [stack: 0x000000c94cd00000,0x000000c94ce00000] [id=8144]
  0x00000255edfa1800 ConcurrentGCThread "G1 Main Marker" [stack: 0x000000c94bc00000,0x000000c94bd00000] [id=2028]
  0x00000255edfa5000 ConcurrentGCThread "G1 Conc#0" [stack: 0x000000c94bd00000,0x000000c94be00000] [id=4396]
  0x00000255ff516000 ConcurrentGCThread "G1 Conc#1" [stack: 0x000000c94ce00000,0x000000c94cf00000] [id=6368]
  0x00000255fd8b0800 ConcurrentGCThread "G1 Refine#0" [stack: 0x000000c94be00000,0x000000c94bf00000] [id=14996]
  0x00000255fd8b1800 ConcurrentGCThread "G1 Young RemSet Sampling" [stack: 0x000000c94bf00000,0x000000c94c000000] [id=8488]

Threads with active compile tasks:
C2 CompilerThread0   2395 2952   !   4       org.codehaus.plexus.interpolation.StringSearchInterpolator::interpolate (668 bytes)
C2 CompilerThread1   2395 3246 %     4       java.util.Properties$LineReader::readLine @ 224 (584 bytes)
C2 CompilerThread2   2395 3254 %     4       org.codehaus.plexus.util.xml.pull.MXParser::parseAttribute @ 723 (1641 bytes)

VM state:not at safepoint (normal execution)

VM Mutex/Monitor currently owned by a thread: None

Heap address: 0x0000000085800000, size: 1960 MB, Compressed Oops mode: 32-bit
Narrow klass base: 0x0000000000000000, Narrow klass shift: 3
Compressed class space size: 1073741824 Address: 0x0000000100000000

Heap:
 garbage-first heap   total 126976K, used 60730K [0x0000000085800000, 0x0000000100000000)
  region size 1024K, 60 young (61440K), 8 survivors (8192K)
 Metaspace       used 21608K, capacity 22066K, committed 22320K, reserved 1069056K
  class space    used 2257K, capacity 2397K, committed 2432K, reserved 1048576K
Heap Regions: E=young(eden), S=young(survivor), O=old, HS=humongous(starts), HC=humongous(continues), CS=collection set, F=free, A=archive, TAMS=top-at-mark-start (previous, next)
|   0|0x0000000085800000, 0x0000000085879c00, 0x0000000085900000| 47%| O|  |TAMS 0x0000000085879c00, 0x0000000085800000| Untracked 
|   1|0x0000000085900000, 0x0000000085900000, 0x0000000085a00000|  0%| F|  |TAMS 0x0000000085900000, 0x0000000085900000| Untracked 
|   2|0x0000000085a00000, 0x0000000085a00000, 0x0000000085b00000|  0%| F|  |TAMS 0x0000000085a00000, 0x0000000085a00000| Untracked 
|   3|0x0000000085b00000, 0x0000000085b00000, 0x0000000085c00000|  0%| F|  |TAMS 0x0000000085b00000, 0x0000000085b00000| Untracked 
|   4|0x0000000085c00000, 0x0000000085c00000, 0x0000000085d00000|  0%| F|  |TAMS 0x0000000085c00000, 0x0000000085c00000| Untracked 
|   5|0x0000000085d00000, 0x0000000085d00000, 0x0000000085e00000|  0%| F|  |TAMS 0x0000000085d00000, 0x0000000085d00000| Untracked 
|   6|0x0000000085e00000, 0x0000000085e00000, 0x0000000085f00000|  0%| F|  |TAMS 0x0000000085e00000, 0x0000000085e00000| Untracked 
|   7|0x0000000085f00000, 0x0000000085f00000, 0x0000000086000000|  0%| F|  |TAMS 0x0000000085f00000, 0x0000000085f00000| Untracked 
|   8|0x0000000086000000, 0x0000000086000000, 0x0000000086100000|  0%| F|  |TAMS 0x0000000086000000, 0x0000000086000000| Untracked 
|   9|0x0000000086100000, 0x0000000086100000, 0x0000000086200000|  0%| F|  |TAMS 0x0000000086100000, 0x0000000086100000| Untracked 
|  10|0x0000000086200000, 0x0000000086200000, 0x0000000086300000|  0%| F|  |TAMS 0x0000000086200000, 0x0000000086200000| Untracked 
|  11|0x0000000086300000, 0x0000000086300000, 0x0000000086400000|  0%| F|  |TAMS 0x0000000086300000, 0x0000000086300000| Untracked 
|  12|0x0000000086400000, 0x0000000086400000, 0x0000000086500000|  0%| F|  |TAMS 0x0000000086400000, 0x0000000086400000| Untracked 
|  13|0x0000000086500000, 0x0000000086500000, 0x0000000086600000|  0%| F|  |TAMS 0x0000000086500000, 0x0000000086500000| Untracked 
|  14|0x0000000086600000, 0x0000000086600000, 0x0000000086700000|  0%| F|  |TAMS 0x0000000086600000, 0x0000000086600000| Untracked 
|  15|0x0000000086700000, 0x0000000086700000, 0x0000000086800000|  0%| F|  |TAMS 0x0000000086700000, 0x0000000086700000| Untracked 
|  16|0x0000000086800000, 0x0000000086800000, 0x0000000086900000|  0%| F|  |TAMS 0x0000000086800000, 0x0000000086800000| Untracked 
|  17|0x0000000086900000, 0x0000000086900000, 0x0000000086a00000|  0%| F|  |TAMS 0x0000000086900000, 0x0000000086900000| Untracked 
|  18|0x0000000086a00000, 0x0000000086a00000, 0x0000000086b00000|  0%| F|  |TAMS 0x0000000086a00000, 0x0000000086a00000| Untracked 
|  19|0x0000000086b00000, 0x0000000086b00000, 0x0000000086c00000|  0%| F|  |TAMS 0x0000000086b00000, 0x0000000086b00000| Untracked 
|  20|0x0000000086c00000, 0x0000000086c00000, 0x0000000086d00000|  0%| F|  |TAMS 0x0000000086c00000, 0x0000000086c00000| Untracked 
|  21|0x0000000086d00000, 0x0000000086d00000, 0x0000000086e00000|  0%| F|  |TAMS 0x0000000086d00000, 0x0000000086d00000| Untracked 
|  22|0x0000000086e00000, 0x0000000086e00000, 0x0000000086f00000|  0%| F|  |TAMS 0x0000000086e00000, 0x0000000086e00000| Untracked 
|  23|0x0000000086f00000, 0x0000000086f00000, 0x0000000087000000|  0%| F|  |TAMS 0x0000000086f00000, 0x0000000086f00000| Untracked 
|  24|0x0000000087000000, 0x0000000087000000, 0x0000000087100000|  0%| F|  |TAMS 0x0000000087000000, 0x0000000087000000| Untracked 
|  25|0x0000000087100000, 0x0000000087100000, 0x0000000087200000|  0%| F|  |TAMS 0x0000000087100000, 0x0000000087100000| Untracked 
|  26|0x0000000087200000, 0x0000000087200000, 0x0000000087300000|  0%| F|  |TAMS 0x0000000087200000, 0x0000000087200000| Untracked 
|  27|0x0000000087300000, 0x0000000087300000, 0x0000000087400000|  0%| F|  |TAMS 0x0000000087300000, 0x0000000087300000| Untracked 
|  28|0x0000000087400000, 0x0000000087400000, 0x0000000087500000|  0%| F|  |TAMS 0x0000000087400000, 0x0000000087400000| Untracked 
|  29|0x0000000087500000, 0x0000000087500000, 0x0000000087600000|  0%| F|  |TAMS 0x0000000087500000, 0x0000000087500000| Untracked 
|  30|0x0000000087600000, 0x0000000087600000, 0x0000000087700000|  0%| F|  |TAMS 0x0000000087600000, 0x0000000087600000| Untracked 
|  31|0x0000000087700000, 0x0000000087700000, 0x0000000087800000|  0%| F|  |TAMS 0x0000000087700000, 0x0000000087700000| Untracked 
|  32|0x0000000087800000, 0x0000000087800000, 0x0000000087900000|  0%| F|  |TAMS 0x0000000087800000, 0x0000000087800000| Untracked 
|  33|0x0000000087900000, 0x0000000087900000, 0x0000000087a00000|  0%| F|  |TAMS 0x0000000087900000, 0x0000000087900000| Untracked 
|  34|0x0000000087a00000, 0x0000000087a00000, 0x0000000087b00000|  0%| F|  |TAMS 0x0000000087a00000, 0x0000000087a00000| Untracked 
|  35|0x0000000087b00000, 0x0000000087b00000, 0x0000000087c00000|  0%| F|  |TAMS 0x0000000087b00000, 0x0000000087b00000| Untracked 
|  36|0x0000000087c00000, 0x0000000087c00000, 0x0000000087d00000|  0%| F|  |TAMS 0x0000000087c00000, 0x0000000087c00000| Untracked 
|  37|0x0000000087d00000, 0x0000000087d00000, 0x0000000087e00000|  0%| F|  |TAMS 0x0000000087d00000, 0x0000000087d00000| Untracked 
|  38|0x0000000087e00000, 0x0000000087e00000, 0x0000000087f00000|  0%| F|  |TAMS 0x0000000087e00000, 0x0000000087e00000| Untracked 
|  39|0x0000000087f00000, 0x0000000087f00000, 0x0000000088000000|  0%| F|  |TAMS 0x0000000087f00000, 0x0000000087f00000| Untracked 
|  40|0x0000000088000000, 0x0000000088000000, 0x0000000088100000|  0%| F|  |TAMS 0x0000000088000000, 0x0000000088000000| Untracked 
|  41|0x0000000088100000, 0x0000000088100000, 0x0000000088200000|  0%| F|  |TAMS 0x0000000088100000, 0x0000000088100000| Untracked 
|  42|0x0000000088200000, 0x0000000088200000, 0x0000000088300000|  0%| F|  |TAMS 0x0000000088200000, 0x0000000088200000| Untracked 
|  43|0x0000000088300000, 0x0000000088300000, 0x0000000088400000|  0%| F|  |TAMS 0x0000000088300000, 0x0000000088300000| Untracked 
|  44|0x0000000088400000, 0x0000000088400000, 0x0000000088500000|  0%| F|  |TAMS 0x0000000088400000, 0x0000000088400000| Untracked 
|  45|0x0000000088500000, 0x00000000885d4e40, 0x0000000088600000| 83%| S|CS|TAMS 0x0000000088500000, 0x0000000088500000| Complete 
|  46|0x0000000088600000, 0x0000000088700000, 0x0000000088700000|100%| S|CS|TAMS 0x0000000088600000, 0x0000000088600000| Complete 
|  47|0x0000000088700000, 0x0000000088800000, 0x0000000088800000|100%| S|CS|TAMS 0x0000000088700000, 0x0000000088700000| Complete 
|  48|0x0000000088800000, 0x0000000088900000, 0x0000000088900000|100%| S|CS|TAMS 0x0000000088800000, 0x0000000088800000| Complete 
|  49|0x0000000088900000, 0x0000000088a00000, 0x0000000088a00000|100%| S|CS|TAMS 0x0000000088900000, 0x0000000088900000| Complete 
|  50|0x0000000088a00000, 0x0000000088b00000, 0x0000000088b00000|100%| S|CS|TAMS 0x0000000088a00000, 0x0000000088a00000| Complete 
|  51|0x0000000088b00000, 0x0000000088c00000, 0x0000000088c00000|100%| S|CS|TAMS 0x0000000088b00000, 0x0000000088b00000| Complete 
|  52|0x0000000088c00000, 0x0000000088d00000, 0x0000000088d00000|100%| S|CS|TAMS 0x0000000088c00000, 0x0000000088c00000| Complete 
|  53|0x0000000088d00000, 0x0000000088d00000, 0x0000000088e00000|  0%| F|  |TAMS 0x0000000088d00000, 0x0000000088d00000| Untracked 
|  54|0x0000000088e00000, 0x0000000088e00000, 0x0000000088f00000|  0%| F|  |TAMS 0x0000000088e00000, 0x0000000088e00000| Untracked 
|  55|0x0000000088f00000, 0x0000000088f00000, 0x0000000089000000|  0%| F|  |TAMS 0x0000000088f00000, 0x0000000088f00000| Untracked 
|  56|0x0000000089000000, 0x0000000089000000, 0x0000000089100000|  0%| F|  |TAMS 0x0000000089000000, 0x0000000089000000| Untracked 
|  57|0x0000000089100000, 0x0000000089100000, 0x0000000089200000|  0%| F|  |TAMS 0x0000000089100000, 0x0000000089100000| Untracked 
|  58|0x0000000089200000, 0x0000000089200000, 0x0000000089300000|  0%| F|  |TAMS 0x0000000089200000, 0x0000000089200000| Untracked 
|  59|0x0000000089300000, 0x0000000089300000, 0x0000000089400000|  0%| F|  |TAMS 0x0000000089300000, 0x0000000089300000| Untracked 
|  60|0x0000000089400000, 0x0000000089400000, 0x0000000089500000|  0%| F|  |TAMS 0x0000000089400000, 0x0000000089400000| Untracked 
|  61|0x0000000089500000, 0x0000000089500000, 0x0000000089600000|  0%| F|  |TAMS 0x0000000089500000, 0x0000000089500000| Untracked 
|  62|0x0000000089600000, 0x0000000089600000, 0x0000000089700000|  0%| F|  |TAMS 0x0000000089600000, 0x0000000089600000| Untracked 
|  63|0x0000000089700000, 0x0000000089700000, 0x0000000089800000|  0%| F|  |TAMS 0x0000000089700000, 0x0000000089700000| Untracked 
|  64|0x0000000089800000, 0x0000000089800000, 0x0000000089900000|  0%| F|  |TAMS 0x0000000089800000, 0x0000000089800000| Untracked 
|  65|0x0000000089900000, 0x0000000089900000, 0x0000000089a00000|  0%| F|  |TAMS 0x0000000089900000, 0x0000000089900000| Untracked 
|  66|0x0000000089a00000, 0x0000000089a00000, 0x0000000089b00000|  0%| F|  |TAMS 0x0000000089a00000, 0x0000000089a00000| Untracked 
|  67|0x0000000089b00000, 0x0000000089b00000, 0x0000000089c00000|  0%| F|  |TAMS 0x0000000089b00000, 0x0000000089b00000| Untracked 
|  68|0x0000000089c00000, 0x0000000089c00000, 0x0000000089d00000|  0%| F|  |TAMS 0x0000000089c00000, 0x0000000089c00000| Untracked 
|  69|0x0000000089d00000, 0x0000000089d00000, 0x0000000089e00000|  0%| F|  |TAMS 0x0000000089d00000, 0x0000000089d00000| Untracked 
|  70|0x0000000089e00000, 0x0000000089e00000, 0x0000000089f00000|  0%| F|  |TAMS 0x0000000089e00000, 0x0000000089e00000| Untracked 
|  71|0x0000000089f00000, 0x0000000089f00000, 0x000000008a000000|  0%| F|  |TAMS 0x0000000089f00000, 0x0000000089f00000| Untracked 
|  72|0x000000008a000000, 0x000000008a080800, 0x000000008a100000| 50%| E|  |TAMS 0x000000008a000000, 0x000000008a000000| Complete 
|  73|0x000000008a100000, 0x000000008a200000, 0x000000008a200000|100%| E|CS|TAMS 0x000000008a100000, 0x000000008a100000| Complete 
|  74|0x000000008a200000, 0x000000008a300000, 0x000000008a300000|100%| E|CS|TAMS 0x000000008a200000, 0x000000008a200000| Complete 
|  75|0x000000008a300000, 0x000000008a400000, 0x000000008a400000|100%| E|CS|TAMS 0x000000008a300000, 0x000000008a300000| Complete 
|  76|0x000000008a400000, 0x000000008a500000, 0x000000008a500000|100%| E|CS|TAMS 0x000000008a400000, 0x000000008a400000| Complete 
|  77|0x000000008a500000, 0x000000008a600000, 0x000000008a600000|100%| E|CS|TAMS 0x000000008a500000, 0x000000008a500000| Complete 
|  78|0x000000008a600000, 0x000000008a700000, 0x000000008a700000|100%| E|CS|TAMS 0x000000008a600000, 0x000000008a600000| Complete 
|  79|0x000000008a700000, 0x000000008a800000, 0x000000008a800000|100%| E|CS|TAMS 0x000000008a700000, 0x000000008a700000| Complete 
|  80|0x000000008a800000, 0x000000008a900000, 0x000000008a900000|100%| E|CS|TAMS 0x000000008a800000, 0x000000008a800000| Complete 
|  81|0x000000008a900000, 0x000000008aa00000, 0x000000008aa00000|100%| E|CS|TAMS 0x000000008a900000, 0x000000008a900000| Complete 
|  82|0x000000008aa00000, 0x000000008ab00000, 0x000000008ab00000|100%| E|CS|TAMS 0x000000008aa00000, 0x000000008aa00000| Complete 
|  83|0x000000008ab00000, 0x000000008ac00000, 0x000000008ac00000|100%| E|CS|TAMS 0x000000008ab00000, 0x000000008ab00000| Complete 
|  84|0x000000008ac00000, 0x000000008ad00000, 0x000000008ad00000|100%| E|CS|TAMS 0x000000008ac00000, 0x000000008ac00000| Complete 
|  85|0x000000008ad00000, 0x000000008ae00000, 0x000000008ae00000|100%| E|CS|TAMS 0x000000008ad00000, 0x000000008ad00000| Complete 
|  86|0x000000008ae00000, 0x000000008af00000, 0x000000008af00000|100%| E|CS|TAMS 0x000000008ae00000, 0x000000008ae00000| Complete 
|  87|0x000000008af00000, 0x000000008b000000, 0x000000008b000000|100%| E|CS|TAMS 0x000000008af00000, 0x000000008af00000| Complete 
|  88|0x000000008b000000, 0x000000008b100000, 0x000000008b100000|100%| E|CS|TAMS 0x000000008b000000, 0x000000008b000000| Complete 
|  89|0x000000008b100000, 0x000000008b200000, 0x000000008b200000|100%| E|CS|TAMS 0x000000008b100000, 0x000000008b100000| Complete 
|  90|0x000000008b200000, 0x000000008b300000, 0x000000008b300000|100%| E|CS|TAMS 0x000000008b200000, 0x000000008b200000| Complete 
|  91|0x000000008b300000, 0x000000008b400000, 0x000000008b400000|100%| E|CS|TAMS 0x000000008b300000, 0x000000008b300000| Complete 
|  92|0x000000008b400000, 0x000000008b500000, 0x000000008b500000|100%| E|CS|TAMS 0x000000008b400000, 0x000000008b400000| Complete 
|  93|0x000000008b500000, 0x000000008b600000, 0x000000008b600000|100%| E|CS|TAMS 0x000000008b500000, 0x000000008b500000| Complete 
|  94|0x000000008b600000, 0x000000008b700000, 0x000000008b700000|100%| E|CS|TAMS 0x000000008b600000, 0x000000008b600000| Complete 
|  95|0x000000008b700000, 0x000000008b800000, 0x000000008b800000|100%| E|CS|TAMS 0x000000008b700000, 0x000000008b700000| Complete 
|  96|0x000000008b800000, 0x000000008b900000, 0x000000008b900000|100%| E|CS|TAMS 0x000000008b800000, 0x000000008b800000| Complete 
|  97|0x000000008b900000, 0x000000008ba00000, 0x000000008ba00000|100%| E|CS|TAMS 0x000000008b900000, 0x000000008b900000| Complete 
|  98|0x000000008ba00000, 0x000000008bb00000, 0x000000008bb00000|100%| E|CS|TAMS 0x000000008ba00000, 0x000000008ba00000| Complete 
|  99|0x000000008bb00000, 0x000000008bc00000, 0x000000008bc00000|100%| E|CS|TAMS 0x000000008bb00000, 0x000000008bb00000| Complete 
| 100|0x000000008bc00000, 0x000000008bd00000, 0x000000008bd00000|100%| E|CS|TAMS 0x000000008bc00000, 0x000000008bc00000| Complete 
| 101|0x000000008bd00000, 0x000000008be00000, 0x000000008be00000|100%| E|CS|TAMS 0x000000008bd00000, 0x000000008bd00000| Complete 
| 102|0x000000008be00000, 0x000000008bf00000, 0x000000008bf00000|100%| E|CS|TAMS 0x000000008be00000, 0x000000008be00000| Complete 
| 103|0x000000008bf00000, 0x000000008c000000, 0x000000008c000000|100%| E|CS|TAMS 0x000000008bf00000, 0x000000008bf00000| Complete 
| 104|0x000000008c000000, 0x000000008c100000, 0x000000008c100000|100%| E|CS|TAMS 0x000000008c000000, 0x000000008c000000| Complete 
| 105|0x000000008c100000, 0x000000008c200000, 0x000000008c200000|100%| E|CS|TAMS 0x000000008c100000, 0x000000008c100000| Complete 
| 106|0x000000008c200000, 0x000000008c300000, 0x000000008c300000|100%| E|CS|TAMS 0x000000008c200000, 0x000000008c200000| Complete 
| 107|0x000000008c300000, 0x000000008c400000, 0x000000008c400000|100%| E|CS|TAMS 0x000000008c300000, 0x000000008c300000| Complete 
| 108|0x000000008c400000, 0x000000008c500000, 0x000000008c500000|100%| E|CS|TAMS 0x000000008c400000, 0x000000008c400000| Complete 
| 109|0x000000008c500000, 0x000000008c600000, 0x000000008c600000|100%| E|CS|TAMS 0x000000008c500000, 0x000000008c500000| Complete 
| 110|0x000000008c600000, 0x000000008c700000, 0x000000008c700000|100%| E|CS|TAMS 0x000000008c600000, 0x000000008c600000| Complete 
| 111|0x000000008c700000, 0x000000008c800000, 0x000000008c800000|100%| E|CS|TAMS 0x000000008c700000, 0x000000008c700000| Complete 
| 112|0x000000008c800000, 0x000000008c900000, 0x000000008c900000|100%| E|CS|TAMS 0x000000008c800000, 0x000000008c800000| Complete 
| 113|0x000000008c900000, 0x000000008ca00000, 0x000000008ca00000|100%| E|CS|TAMS 0x000000008c900000, 0x000000008c900000| Complete 
| 114|0x000000008ca00000, 0x000000008cb00000, 0x000000008cb00000|100%| E|CS|TAMS 0x000000008ca00000, 0x000000008ca00000| Complete 
| 115|0x000000008cb00000, 0x000000008cc00000, 0x000000008cc00000|100%| E|CS|TAMS 0x000000008cb00000, 0x000000008cb00000| Complete 
| 116|0x000000008cc00000, 0x000000008cd00000, 0x000000008cd00000|100%| E|CS|TAMS 0x000000008cc00000, 0x000000008cc00000| Complete 
| 117|0x000000008cd00000, 0x000000008ce00000, 0x000000008ce00000|100%| E|CS|TAMS 0x000000008cd00000, 0x000000008cd00000| Complete 
| 118|0x000000008ce00000, 0x000000008cf00000, 0x000000008cf00000|100%| E|CS|TAMS 0x000000008ce00000, 0x000000008ce00000| Complete 
| 119|0x000000008cf00000, 0x000000008d000000, 0x000000008d000000|100%| E|CS|TAMS 0x000000008cf00000, 0x000000008cf00000| Complete 
| 120|0x000000008d000000, 0x000000008d100000, 0x000000008d100000|100%| E|CS|TAMS 0x000000008d000000, 0x000000008d000000| Complete 
| 121|0x000000008d100000, 0x000000008d200000, 0x000000008d200000|100%| E|CS|TAMS 0x000000008d100000, 0x000000008d100000| Complete 
| 122|0x000000008d200000, 0x000000008d300000, 0x000000008d300000|100%| E|CS|TAMS 0x000000008d200000, 0x000000008d200000| Complete 
| 123|0x000000008d300000, 0x000000008d400000, 0x000000008d400000|100%| E|CS|TAMS 0x000000008d300000, 0x000000008d300000| Complete 

Card table byte_map: [0x00000255f6b20000,0x00000255f6f00000] _byte_map_base: 0x00000255f66f4000

Marking Bits (Prev, Next): (CMBitMap*) 0x00000255edf99430, (CMBitMap*) 0x00000255edf993f8
 Prev Bits: [0x00000255f9180000, 0x00000255fb020000)
 Next Bits: [0x00000255f72e0000, 0x00000255f9180000)

Polling page: 0x00000255ebea0000

Metaspace:

Usage:
  Non-class:     19.21 MB capacity,    18.91 MB ( 98%) used,   284.52 KB (  1%) free+waste,    25.25 KB ( <1%) overhead. 
      Class:      2.34 MB capacity,     2.20 MB ( 94%) used,   129.98 KB (  5%) free+waste,    10.00 KB ( <1%) overhead. 
       Both:     21.55 MB capacity,    21.11 MB ( 98%) used,   414.51 KB (  2%) free+waste,    35.25 KB ( <1%) overhead. 

Virtual space:
  Non-class space:       20.00 MB reserved,      19.42 MB ( 97%) committed 
      Class space:        1.00 GB reserved,       2.38 MB ( <1%) committed 
             Both:        1.02 GB reserved,      21.80 MB (  2%) committed 

Chunk freelists:
   Non-Class:  5.25 KB
       Class:  384 bytes
        Both:  5.63 KB

CodeHeap 'non-profiled nmethods': size=120000Kb used=1543Kb max_used=1543Kb free=118457Kb
 bounds [0x0000025587ad0000, 0x0000025587d40000, 0x000002558f000000]
CodeHeap 'profiled nmethods': size=120000Kb used=6808Kb max_used=6808Kb free=113191Kb
 bounds [0x00000255805a0000, 0x0000025580c50000, 0x0000025587ad0000]
CodeHeap 'non-nmethods': size=5760Kb used=1103Kb max_used=1139Kb free=4656Kb
 bounds [0x0000025580000000, 0x0000025580270000, 0x00000255805a0000]
 total_blobs=3674 nmethods=3258 adapters=327
 compilation: enabled
              stopped_count=0, restarted_count=0
 full_count=0

Compilation events (10 events):
Event: 2.354 Thread 0x00000255fe3a4800 nmethod 3242 0x0000025580c21310 code [0x0000025580c217e0, 0x0000025580c245d8]
Event: 2.354 Thread 0x00000255fe3a4800 3240       3       org.apache.maven.model.merge.ModelMerger::mergeReportPlugin_ArtifactId (41 bytes)
Event: 2.355 Thread 0x00000255fe3a4800 nmethod 3240 0x0000025580c25390 code [0x0000025580c25560, 0x0000025580c25938]
Event: 2.355 Thread 0x00000255fe3a4800 3241       3       org.apache.maven.model.merge.ModelMerger::mergeReportPlugin_Version (41 bytes)
Event: 2.355 Thread 0x00000255fe3a4800 nmethod 3241 0x0000025580c25a90 code [0x0000025580c25c60, 0x0000025580c26038]
Event: 2.355 Thread 0x00000255fe3a4800 3243       3       org.apache.maven.model.inheritance.DefaultInheritanceAssembler$InheritanceModelMerger::concatPath (105 bytes)
Event: 2.356 Thread 0x00000255fe3a4800 nmethod 3243 0x0000025580c26190 code [0x0000025580c26480, 0x0000025580c27458]
Event: 2.356 Thread 0x00000255fe3a4800 3244       3       java.lang.AbstractStringBuilder::append (33 bytes)
Event: 2.357 Thread 0x00000255fe3a4800 nmethod 3244 0x0000025580c27a90 code [0x0000025580c27c60, 0x0000025580c27e48]
Event: 2.360 Thread 0x00000255fe3a4800 3247       1       org.eclipse.aether.graph.Dependency$Exclusions::access$000 (5 bytes)

GC Heap History (4 events):
Event: 0.553 GC heap before
{Heap before GC invocations=0 (full 0):
 garbage-first heap   total 126976K, used 23552K [0x0000000085800000, 0x0000000100000000)
  region size 1024K, 24 young (24576K), 0 survivors (0K)
 Metaspace       used 13036K, capacity 13299K, committed 13440K, reserved 1060864K
  class space    used 1315K, capacity 1390K, committed 1408K, reserved 1048576K
}
Event: 0.559 GC heap after
{Heap after GC invocations=1 (full 0):
 garbage-first heap   total 126976K, used 3559K [0x0000000085800000, 0x0000000100000000)
  region size 1024K, 3 young (3072K), 3 survivors (3072K)
 Metaspace       used 13036K, capacity 13299K, committed 13440K, reserved 1060864K
  class space    used 1315K, capacity 1390K, committed 1408K, reserved 1048576K
}
Event: 1.753 GC heap before
{Heap before GC invocations=1 (full 0):
 garbage-first heap   total 126976K, used 72167K [0x0000000085800000, 0x0000000100000000)
  region size 1024K, 71 young (72704K), 3 survivors (3072K)
 Metaspace       used 20706K, capacity 21117K, committed 21296K, reserved 1069056K
  class space    used 2212K, capacity 2359K, committed 2432K, reserved 1048576K
}
Event: 1.773 GC heap after
{Heap after GC invocations=2 (full 0):
 garbage-first heap   total 126976K, used 8506K [0x0000000085800000, 0x0000000100000000)
  region size 1024K, 8 young (8192K), 8 survivors (8192K)
 Metaspace       used 20706K, capacity 21117K, committed 21296K, reserved 1069056K
  class space    used 2212K, capacity 2359K, committed 2432K, reserved 1048576K
}

Deoptimization events (10 events):
Event: 1.993 Thread 0x00000255edf5c800 Uncommon trap: reason=array_check action=maybe_recompile pc=0x0000025587bf388c method=java.util.AbstractCollection.toArray([Ljava/lang/Object;)[Ljava/lang/Object; @ 116 c2
Event: 2.014 Thread 0x00000255edf5c800 Uncommon trap: reason=unstable_if action=reinterpret pc=0x0000025587bff064 method=org.apache.maven.model.io.xpp3.MavenXpp3Reader.nextTag(Lorg/codehaus/plexus/util/xml/pull/XmlPullParser;)I @ 9 c2
Event: 2.048 Thread 0x00000255edf5c800 Uncommon trap: reason=intrinsic_or_type_checked_inlining action=make_not_entrant pc=0x0000025587be62f4 method=java.util.Arrays.copyOf([Ljava/lang/Object;ILjava/lang/Class;)[Ljava/lang/Object; @ 35 c2
Event: 2.117 Thread 0x00000255edf5c800 Uncommon trap: reason=array_check action=maybe_recompile pc=0x0000025587c20bb4 method=java.util.AbstractCollection.toArray([Ljava/lang/Object;)[Ljava/lang/Object; @ 116 c2
Event: 2.180 Thread 0x00000255edf5c800 Uncommon trap: reason=unstable_if action=reinterpret pc=0x0000025587c1cc60 method=java.util.HashMap.getNode(ILjava/lang/Object;)Ljava/util/HashMap$Node; @ 53 c2
Event: 2.180 Thread 0x00000255edf5c800 Uncommon trap: reason=unstable_if action=reinterpret pc=0x0000025587b51cdc method=java.util.HashMap.getNode(ILjava/lang/Object;)Ljava/util/HashMap$Node; @ 53 c2
Event: 2.248 Thread 0x00000255edf5c800 Uncommon trap: reason=profile_predicate action=maybe_recompile pc=0x0000025587c2e424 method=java.util.concurrent.ConcurrentHashMap.putAll(Ljava/util/Map;)V @ 28 c2
Event: 2.248 Thread 0x00000255edf5c800 Uncommon trap: reason=profile_predicate action=maybe_recompile pc=0x0000025587c2e424 method=java.util.concurrent.ConcurrentHashMap.putAll(Ljava/util/Map;)V @ 28 c2
Event: 2.250 Thread 0x00000255edf5c800 Uncommon trap: reason=profile_predicate action=maybe_recompile pc=0x0000025587c2e424 method=java.util.concurrent.ConcurrentHashMap.putAll(Ljava/util/Map;)V @ 28 c2
Event: 2.250 Thread 0x00000255edf5c800 Uncommon trap: reason=profile_predicate action=maybe_recompile pc=0x0000025587c2e424 method=java.util.concurrent.ConcurrentHashMap.putAll(Ljava/util/Map;)V @ 28 c2

Classes redefined (0 events):
No events

Internal exceptions (10 events):
Event: 0.511 Thread 0x00000255edf5c800 Exception <a 'java/lang/NoClassDefFoundError'{0x000000008bf15df8}: javax/enterprise/inject/Typed> (0x000000008bf15df8) thrown at [./open/src/hotspot/share/classfile/systemDictionary.cpp, line 217]
Event: 1.141 Thread 0x00000255edf5c800 Exception <a 'java/lang/NoClassDefFoundError'{0x000000008a7e7630}: com/google/inject/servlet/ServletModuleTargetVisitor> (0x000000008a7e7630) thrown at [./open/src/hotspot/share/classfile/systemDictionary.cpp, line 217]
Event: 1.141 Thread 0x00000255edf5c800 Exception <a 'java/lang/NoClassDefFoundError'{0x000000008a7e7630}> (0x000000008a7e7630) thrown at [./open/src/hotspot/share/prims/jvm.cpp, line 1309]
Event: 1.242 Thread 0x00000255edf5c800 Exception <a 'java/lang/NoSuchMethodError'{0x000000008a434930}: java.lang.invoke.DirectMethodHandle$Holder.invokeStaticInit(Ljava/lang/Object;IIII)Ljava/lang/Object;> (0x000000008a434930) thrown at [./open/src/hotspot/share/interpreter/linkResolver.cpp, l
Event: 1.390 Thread 0x00000255edf5c800 Implicit null exception at 0x0000025587afab74 to 0x0000025587afb088
Event: 1.390 Thread 0x00000255edf5c800 Implicit null exception at 0x0000025587afb674 to 0x0000025587afbb60
Event: 1.805 Thread 0x00000255edf5c800 Implicit null exception at 0x0000025587bc2e55 to 0x0000025587bc3010
Event: 1.805 Thread 0x00000255edf5c800 Implicit null exception at 0x0000025587b17a3b to 0x0000025587b18100
Event: 1.805 Thread 0x00000255edf5c800 Implicit null exception at 0x0000025587b5fed5 to 0x0000025587b60084
Event: 1.805 Thread 0x00000255edf5c800 Implicit null exception at 0x0000025587afa82f to 0x0000025587afa89d

Events (10 events):
Event: 2.250 Thread 0x00000255edf5c800 Uncommon trap: trap_request=0xffffffbe fr.pc=0x0000025587c2e424 relative=0x00000000000011c4
Event: 2.250 Thread 0x00000255edf5c800 DEOPT PACKING pc=0x0000025587c2e424 sp=0x000000c94bafc780
Event: 2.250 Thread 0x00000255edf5c800 DEOPT UNPACKING pc=0x000002558002662f sp=0x000000c94bafc760 mode 2
Event: 2.250 Thread 0x00000255edf5c800 Uncommon trap: trap_request=0xffffffbe fr.pc=0x0000025587c2e424 relative=0x00000000000011c4
Event: 2.250 Thread 0x00000255edf5c800 DEOPT PACKING pc=0x0000025587c2e424 sp=0x000000c94bafc7d0
Event: 2.250 Thread 0x00000255edf5c800 DEOPT UNPACKING pc=0x000002558002662f sp=0x000000c94bafc7b0 mode 2
Event: 2.271 loading class java/util/Collections$UnmodifiableList$1
Event: 2.271 loading class java/util/Collections$UnmodifiableList$1 done
Event: 2.299 Thread 0x00000255edf5c800 DEOPT PACKING pc=0x000002558062899b sp=0x000000c94bafb0c0
Event: 2.299 Thread 0x00000255edf5c800 DEOPT UNPACKING pc=0x0000025580026dde sp=0x000000c94bafa600 mode 0


Dynamic libraries:
0x00007ff6c03f0000 - 0x00007ff6c03ff000 	C:\Program Files\Java\jdk-11.0.12\bin\java.exe
0x00007ffefb9d0000 - 0x00007ffefbbc7000 	C:\Windows\SYSTEM32\ntdll.dll
0x00007ffef9e70000 - 0x00007ffef9f2d000 	C:\Windows\System32\KERNEL32.DLL
0x00007ffef9410000 - 0x00007ffef96dd000 	C:\Windows\System32\KERNELBASE.dll
0x00007ffef61c0000 - 0x00007ffef6250000 	C:\Windows\SYSTEM32\apphelp.dll
0x00007ffef9930000 - 0x00007ffef9a30000 	C:\Windows\System32\ucrtbase.dll
0x00007ffef4390000 - 0x00007ffef43a5000 	C:\Program Files\Java\jdk-11.0.12\bin\VCRUNTIME140.dll
0x00007ffef44c0000 - 0x00007ffef44d8000 	C:\Program Files\Java\jdk-11.0.12\bin\jli.dll
0x00007ffefa3c0000 - 0x00007ffefa46e000 	C:\Windows\System32\ADVAPI32.dll
0x00007ffef9b30000 - 0x00007ffef9bce000 	C:\Windows\System32\msvcrt.dll
0x00007ffef9bd0000 - 0x00007ffef9c6c000 	C:\Windows\System32\sechost.dll
0x00007ffefa290000 - 0x00007ffefa3b5000 	C:\Windows\System32\RPCRT4.dll
0x00007ffefb210000 - 0x00007ffefb3b0000 	C:\Windows\System32\USER32.dll
0x00007ffef9360000 - 0x00007ffef9382000 	C:\Windows\System32\win32u.dll
0x00007ffeeb9f0000 - 0x00007ffeebc8a000 	C:\Windows\WinSxS\amd64_microsoft.windows.common-controls_6595b64144ccf1df_6.0.19041.1110_none_60b5254171f9507e\COMCTL32.dll
0x00007ffef9b00000 - 0x00007ffef9b2a000 	C:\Windows\System32\GDI32.dll
0x00007ffef9790000 - 0x00007ffef989b000 	C:\Windows\System32\gdi32full.dll
0x00007ffef92c0000 - 0x00007ffef935d000 	C:\Windows\System32\msvcp_win.dll
0x00007ffef14e0000 - 0x00007ffef14ea000 	C:\Windows\SYSTEM32\VERSION.dll
0x00007ffefa940000 - 0x00007ffefa970000 	C:\Windows\System32\IMM32.DLL
0x00007ffed1d60000 - 0x00007ffed1dfb000 	C:\Program Files\Java\jdk-11.0.12\bin\msvcp140.dll
0x00007ffe6cec0000 - 0x00007ffe6d9bf000 	C:\Program Files\Java\jdk-11.0.12\bin\server\jvm.dll
0x00007ffefb510000 - 0x00007ffefb518000 	C:\Windows\System32\PSAPI.DLL
0x00007ffeeb7a0000 - 0x00007ffeeb7c7000 	C:\Windows\SYSTEM32\WINMM.dll
0x00007ffee50b0000 - 0x00007ffee50b9000 	C:\Windows\SYSTEM32\WSOCK32.dll
0x00007ffefa4d0000 - 0x00007ffefa53b000 	C:\Windows\System32\WS2_32.dll
0x00007ffef7980000 - 0x00007ffef7992000 	C:\Windows\SYSTEM32\kernel.appcore.dll
0x00007ffef44e0000 - 0x00007ffef44f0000 	C:\Program Files\Java\jdk-11.0.12\bin\verify.dll
0x00007ffef6ee0000 - 0x00007ffef70c4000 	C:\Windows\SYSTEM32\DBGHELP.DLL
0x00007ffee0470000 - 0x00007ffee049c000 	C:\Windows\SYSTEM32\dbgcore.DLL
0x00007ffef98a0000 - 0x00007ffef9922000 	C:\Windows\System32\bcryptPrimitives.dll
0x00007ffeed9d0000 - 0x00007ffeed9f8000 	C:\Program Files\Java\jdk-11.0.12\bin\java.dll
0x00007ffef43d0000 - 0x00007ffef43da000 	C:\Program Files\Java\jdk-11.0.12\bin\jimage.dll
0x00007ffed1a80000 - 0x00007ffed1a96000 	C:\Program Files\Java\jdk-11.0.12\bin\zip.dll
0x00007ffefa970000 - 0x00007ffefb0b4000 	C:\Windows\System32\SHELL32.dll
0x00007ffef71d0000 - 0x00007ffef7964000 	C:\Windows\SYSTEM32\windows.storage.dll
0x00007ffef9f30000 - 0x00007ffefa284000 	C:\Windows\System32\combase.dll
0x00007ffef8b50000 - 0x00007ffef8b7c000 	C:\Windows\SYSTEM32\Wldp.dll
0x00007ffefa5b0000 - 0x00007ffefa65d000 	C:\Windows\System32\SHCORE.dll
0x00007ffefb490000 - 0x00007ffefb4e5000 	C:\Windows\System32\shlwapi.dll
0x00007ffef9030000 - 0x00007ffef904f000 	C:\Windows\SYSTEM32\profapi.dll
0x00007ffed1a60000 - 0x00007ffed1a79000 	C:\Program Files\Java\jdk-11.0.12\bin\net.dll
0x00007ffeeecd0000 - 0x00007ffeeedda000 	C:\Windows\SYSTEM32\WINHTTP.dll
0x00007ffef88b0000 - 0x00007ffef891a000 	C:\Windows\system32\mswsock.dll
0x00007ffed1a40000 - 0x00007ffed1a52000 	C:\Program Files\Java\jdk-11.0.12\bin\nio.dll
0x0000000069ac0000 - 0x0000000069ae4000 	C:\Users\andre\AppData\Local\Temp\jansi-2.4.0-bd590a68f9b97b37-jansi.dll

dbghelp: loaded successfully - version: 4.0.5 - missing functions: none
symbol engine: initialized successfully - sym options: 0x614 - pdb path: .;C:\Program Files\Java\jdk-11.0.12\bin;C:\Windows\SYSTEM32;C:\Windows\WinSxS\amd64_microsoft.windows.common-controls_6595b64144ccf1df_6.0.19041.1110_none_60b5254171f9507e;C:\Program Files\Java\jdk-11.0.12\bin\server;C:\Users\andre\AppData\Local\Temp

VM Arguments:
jvm_args: -Dmaven.multiModuleProjectDirectory=C:\Users\andre\Documents\NetBeansProjects\apiBookRest 
java_command: org.apache.maven.wrapper.MavenWrapperMain -Dexec.vmArgs= -Dexec.args=${exec.vmArgs} -classpath %classpath ${exec.mainClass} ${exec.appArgs} -Dexec.executable=C:\Program Files\Java\jdk-11.0.12\bin\java.exe -Dexec.mainClass=com.apiBookRest.ApiBookRestApplication -Dexec.classpathScope=runtime -Dexec.appArgs= -Dmaven.ext.class.path=C:\Program Files\NetBeans-14\netbeans\java\maven-nblib\netbeans-eventspy.jar -Dfile.encoding=UTF-8 org.codehaus.mojo:exec-maven-plugin:3.0.0:exec
java_class_path (initial): C:\Users\andre\Documents\NetBeansProjects\apiBookRest\.mvn\wrapper\maven-wrapper.jar
Launcher Type: SUN_STANDARD

[Global flags]
     intx CICompilerCount                          = 4                                         {product} {ergonomic}
     uint ConcGCThreads                            = 2                                         {product} {ergonomic}
     uint G1ConcRefinementThreads                  = 8                                         {product} {ergonomic}
   size_t G1HeapRegionSize                         = 1048576                                   {product} {ergonomic}
    uintx GCDrainStackTargetSize                   = 64                                        {product} {ergonomic}
   size_t InitialHeapSize                          = 130023424                                 {product} {ergonomic}
   size_t MarkStackSize                            = 4194304                                   {product} {ergonomic}
   size_t MaxHeapSize                              = 2055208960                                {product} {ergonomic}
   size_t MaxNewSize                               = 1233125376                                {product} {ergonomic}
   size_t MinHeapDeltaBytes                        = 1048576                                   {product} {ergonomic}
    uintx NonNMethodCodeHeapSize                   = 5836300                                {pd product} {ergonomic}
    uintx NonProfiledCodeHeapSize                  = 122910970                              {pd product} {ergonomic}
    uintx ProfiledCodeHeapSize                     = 122910970                              {pd product} {ergonomic}
    uintx ReservedCodeCacheSize                    = 251658240                              {pd product} {ergonomic}
     bool SegmentedCodeCache                       = true                                      {product} {ergonomic}
     bool UseCompressedClassPointers               = true                                 {lp64_product} {ergonomic}
     bool UseCompressedOops                        = true                                 {lp64_product} {ergonomic}
     bool UseG1GC                                  = true                                      {product} {ergonomic}
     bool UseLargePagesIndividualAllocation        = false                                  {pd product} {ergonomic}

Logging:
Log output configuration:
 #0: stdout all=warning uptime,level,tags
 #1: stderr all=off uptime,level,tags

Environment Variables:
JAVA_HOME=C:\Program Files\Java\jdk-11.0.12
PATH=C:\Windows\system32;C:\Windows;C:\Windows\System32\Wbem;C:\Windows\System32\WindowsPowerShell\v1.0\;C:\Windows\System32\OpenSSH\;C:\Program Files\nodejs\;C:\Users\andre\AppData\Roaming\npm;C:\Program Files\Git\cmd;C:\Program Files\PuTTY\;C:\Program Files\Microsoft SQL Server\150\Tools\Binn\;C:\Program Files\dotnet\;C:\apache-maven-3.8.3\bin;C:\Program Files\Java\jdk-11.0.12\bin;C:\apache-maven-3.8.6\bin;C:\Program Files\Microsoft SQL Server\Client SDK\ODBC\170\Tools\Binn\;C:\Program Files (x86)\Microsoft SQL Server\150\Tools\Binn\;C:\Program Files\Microsoft SQL Server\150\DTS\Binn\;C:\Program Files (x86)\Microsoft SQL Server\150\DTS\Binn\;C:\Program Files\Azure Data Studio\bin;C:\Users\andre\AppData\Local\Microsoft\WindowsApps;C:\Users\andre\AppData\Roaming\npm;C:\Users\andre\AppData\Local\Programs\Microsoft VS Code\bin;C:\Program Files\JetBrains\IntelliJ IDEA Community Edition 2021.2.1\bin;;C:\src\flutter\bin;C:\Program Files\Java\jdk-11.0.12\bin;C:\Users\andre\.dotnet\tools;C:\Program Files\heroku\bin;C:\Users\andre\AppData\Local\GitHubDesktop\bin;;C:\Program Files\Azure Data Studio\bin
USERNAME=ACE
OS=Windows_NT
PROCESSOR_IDENTIFIER=Intel64 Family 6 Model 142 Stepping 10, GenuineIntel



---------------  S Y S T E M  ---------------

OS: Windows 10 , 64 bit Build 19041 (10.0.19041.1741)

CPU:total 8 (initial active 8) (4 cores per cpu, 2 threads per core) family 6 model 142 stepping 10 microcode 0xe0, cmov, cx8, fxsr, mmx, sse, sse2, sse3, ssse3, sse4.1, sse4.2, popcnt, avx, avx2, aes, clmul, erms, 3dnowpref, lzcnt, ht, tsc, tscinvbit, bmi1, bmi2, adx, fma

Memory: 4k page, system-wide physical 7838M (509M free)
TotalPageFile size 20126M (AvailPageFile size 4M)
current process WorkingSet (physical memory assigned to process): 171M, peak: 176M
current process commit charge ("private bytes"): 258M, peak: 262M

vm_info: Java HotSpot(TM) 64-Bit Server VM (11.0.12+8-LTS-237) for windows-amd64 JRE (11.0.12+8-LTS-237), built on Jun  8 2021 11:25:59 by "mach5one" with MS VC++ 15.9 (VS2017)

END.
