#
# There is insufficient memory for the Java Runtime Environment to continue.
# Native memory allocation (mmap) failed to map 39845888 bytes for Failed to commit area from 0x000000008d400000 to 0x000000008fa00000 of length 39845888.
# Possible reasons:
#   The system is out of physical RAM or swap space
#   The process is running with CompressedOops enabled, and the Java Heap may be blocking the growth of the native heap
# Possible solutions:
#   Reduce memory load on the system
#   Increase physical memory or swap space
#   Check if swap backing store is full
#   Decrease Java heap size (-Xmx/-Xms)
#   Decrease number of Java threads
#   Decrease Java thread stack sizes (-Xss)
#   Set larger code cache with -XX:ReservedCodeCacheSize=
#   JVM is running with Unscaled Compressed Oops mode in which the Java heap is
#     placed in the first 4GB address space. The Java Heap base address is the
#     maximum limit for the native heap growth. Please use -XX:HeapBaseMinAddress
#     to set the Java Heap base and to place the Java Heap above 4GB virtual address.
# This output file may be truncated or incomplete.
#
#  Out of Memory Error (./open/src/hotspot/os/windows/os_windows.cpp:3273), pid=11756, tid=16460
#
# JRE version: Java(TM) SE Runtime Environment 18.9 (11.0.12+8) (build 11.0.12+8-LTS-237)
# Java VM: Java HotSpot(TM) 64-Bit Server VM 18.9 (11.0.12+8-LTS-237, mixed mode, tiered, compressed oops, g1 gc, windows-amd64)
# No core dump will be written. Minidumps are not enabled by default on client versions of Windows
#

---------------  S U M M A R Y ------------

Command Line: -Dmaven.multiModuleProjectDirectory=C:\Users\andre\Documents\NetBeansProjects\apiBookRest org.apache.maven.wrapper.MavenWrapperMain -Dmaven.ext.class.path=C:\Program Files\NetBeans-14\netbeans\java\maven-nblib\netbeans-eventspy.jar -Dfile.encoding=UTF-8 clean install

Host: Intel(R) Core(TM) i7-8550U CPU @ 1.80GHz, 8 cores, 7G,  Windows 10 , 64 bit Build 19041 (10.0.19041.1741)
Time: Fri Jul 15 21:31:48 2022 SA Pacific Standard Time elapsed time: 4.311530 seconds (0d 0h 0m 4s)

---------------  T H R E A D  ---------------

Current thread (0x00000200d3d1b000):  VMThread "VM Thread" [stack: 0x0000007e0fa00000,0x0000007e0fb00000] [id=16460]

Stack: [0x0000007e0fa00000,0x0000007e0fb00000]
[error occurred during error reporting (printing stack bounds), id 0xc0000005, EXCEPTION_ACCESS_VIOLATION (0xc0000005) at pc=0x00000200bcf10f2d]

Native frames: (J=compiled Java code, j=interpreted, Vv=VM code, C=native code)
V  [jvm.dll+0x617d9a]
V  [jvm.dll+0x74eeef]
V  [jvm.dll+0x750599]
V  [jvm.dll+0x750b85]
V  [jvm.dll+0x750b3b]
V  [jvm.dll+0x6175d3]
V  [jvm.dll+0x617998]
C  [ntdll.dll+0xa209f]
C  [ntdll.dll+0x51454]
C  [ntdll.dll+0xa0bce]
C  0x00000200bcf10f2d

VM_Operation (0x0000007e0f4fba30): G1CollectForAllocation, mode: safepoint, requested by thread 0x00000200b3286800


---------------  P R O C E S S  ---------------

Threads class SMR info:
_java_thread_list=0x00000200d4f89270, length=12, elements={
0x00000200b3286800, 0x00000200d3d3f800, 0x00000200d3d4a800, 0x00000200d3d59800,
0x00000200d3d5b800, 0x00000200d3d5d800, 0x00000200d4680800, 0x00000200d4681800,
0x00000200d4683800, 0x00000200d484b000, 0x00000200d4d52800, 0x00000200d5714000
}

Java Threads: ( => current thread )
  0x00000200b3286800 JavaThread "main" [_thread_blocked, id=6992, stack(0x0000007e0f400000,0x0000007e0f500000)]
  0x00000200d3d3f800 JavaThread "Reference Handler" daemon [_thread_blocked, id=15772, stack(0x0000007e0fb00000,0x0000007e0fc00000)]
  0x00000200d3d4a800 JavaThread "Finalizer" daemon [_thread_blocked, id=14724, stack(0x0000007e0fc00000,0x0000007e0fd00000)]
  0x00000200d3d59800 JavaThread "Signal Dispatcher" daemon [_thread_blocked, id=7548, stack(0x0000007e0fd00000,0x0000007e0fe00000)]
  0x00000200d3d5b800 JavaThread "Attach Listener" daemon [_thread_blocked, id=15608, stack(0x0000007e0fe00000,0x0000007e0ff00000)]
  0x00000200d3d5d800 JavaThread "Service Thread" daemon [_thread_blocked, id=2192, stack(0x0000007e0ff00000,0x0000007e10000000)]
  0x00000200d4680800 JavaThread "C2 CompilerThread0" daemon [_thread_blocked, id=8940, stack(0x0000007e10000000,0x0000007e10100000)]
  0x00000200d4681800 JavaThread "C1 CompilerThread0" daemon [_thread_blocked, id=15796, stack(0x0000007e10100000,0x0000007e10200000)]
  0x00000200d4683800 JavaThread "Sweeper thread" daemon [_thread_blocked, id=20732, stack(0x0000007e10200000,0x0000007e10300000)]
  0x00000200d484b000 JavaThread "Common-Cleaner" daemon [_thread_blocked, id=11816, stack(0x0000007e10400000,0x0000007e10500000)]
  0x00000200d4d52800 JavaThread "C2 CompilerThread1" daemon [_thread_in_native, id=10056, stack(0x0000007e10500000,0x0000007e10600000)]
  0x00000200d5714000 JavaThread "C2 CompilerThread2" daemon [_thread_blocked, id=2680, stack(0x0000007e10600000,0x0000007e10700000)]

Other Threads:
=>0x00000200d3d1b000 VMThread "VM Thread" [stack: 0x0000007e0fa00000,0x0000007e0fb00000] [id=16460]
  0x00000200d484a000 WatcherThread [stack: 0x0000007e10300000,0x0000007e10400000] [id=7072]
  0x00000200b329e000 GCTaskThread "GC Thread#0" [stack: 0x0000007e0f500000,0x0000007e0f600000] [id=17048]
  0x00000200d51f4000 GCTaskThread "GC Thread#1" [stack: 0x0000007e10700000,0x0000007e10800000] [id=15168]
  0x00000200b32cd800 ConcurrentGCThread "G1 Main Marker" [stack: 0x0000007e0f600000,0x0000007e0f700000] [id=13504]
  0x00000200b32d1000 ConcurrentGCThread "G1 Conc#0" [stack: 0x0000007e0f700000,0x0000007e0f800000] [id=7588]
  0x00000200d519f000 ConcurrentGCThread "G1 Conc#1" [stack: 0x0000007e10800000,0x0000007e10900000] [id=2080]
  0x00000200b335d800 ConcurrentGCThread "G1 Refine#0" [stack: 0x0000007e0f800000,0x0000007e0f900000] [id=6028]
  0x00000200d3b72800 ConcurrentGCThread "G1 Young RemSet Sampling" [stack: 0x0000007e0f900000,0x0000007e0fa00000] [id=15056]

Threads with active compile tasks:
C2 CompilerThread0   4327 4421       4       java.lang.String::replace (42 bytes)
C1 CompilerThread0   4328 4455       3       jdk.internal.jrtfs.JrtPath::resolve (125 bytes)
C2 CompilerThread1   4328 4394   !   4       java.util.jar.Attributes::read (390 bytes)
C2 CompilerThread2   4328 4459       4       jdk.internal.jimage.ImageLocation::getAttributeString (54 bytes)

VM state:at safepoint (normal execution)

VM Mutex/Monitor currently owned by a thread:  ([mutex/lock_event])
[0x00000200b3284530] Threads_lock - owner thread: 0x00000200d3d1b000
[0x00000200b3284020] Heap_lock - owner thread: 0x00000200b3286800

Heap address: 0x0000000085800000, size: 1960 MB, Compressed Oops mode: 32-bit
Narrow klass base: 0x0000000000000000, Narrow klass shift: 3
Compressed class space size: 1073741824 Address: 0x0000000100000000

Heap:
 garbage-first heap   total 165888K, used 27648K [0x0000000085800000, 0x0000000100000000)
  region size 1024K, 10 young (10240K), 10 survivors (10240K)
 Metaspace       used 31251K, capacity 31983K, committed 32176K, reserved 1077248K
  class space    used 3343K, capacity 3582K, committed 3584K, reserved 1048576K
Heap Regions: E=young(eden), S=young(survivor), O=old, HS=humongous(starts), HC=humongous(continues), CS=collection set, F=free, A=archive, TAMS=top-at-mark-start (previous, next)
|   0|0x0000000085800000, 0x0000000085900000, 0x0000000085900000|100%| O|  |TAMS 0x000000008587a200, 0x0000000085800000| Untracked 
|   1|0x0000000085900000, 0x0000000085a00000, 0x0000000085a00000|100%| O|  |TAMS 0x0000000085900000, 0x0000000085900000| Untracked 
|   2|0x0000000085a00000, 0x0000000085b00000, 0x0000000085b00000|100%| O|  |TAMS 0x0000000085a00000, 0x0000000085a00000| Untracked 
|   3|0x0000000085b00000, 0x0000000085c00000, 0x0000000085c00000|100%| O|  |TAMS 0x0000000085b00000, 0x0000000085b00000| Untracked 
|   4|0x0000000085c00000, 0x0000000085d00000, 0x0000000085d00000|100%|HS|  |TAMS 0x0000000085c00000, 0x0000000085c00000| Complete 
|   5|0x0000000085d00000, 0x0000000085e00000, 0x0000000085e00000|100%| O|  |TAMS 0x0000000085d00000, 0x0000000085d00000| Untracked 
|   6|0x0000000085e00000, 0x0000000085f00000, 0x0000000085f00000|100%| O|  |TAMS 0x0000000085e00000, 0x0000000085e00000| Untracked 
|   7|0x0000000085f00000, 0x0000000086000000, 0x0000000086000000|100%| O|  |TAMS 0x0000000085f00000, 0x0000000085f00000| Untracked 
|   8|0x0000000086000000, 0x0000000086100000, 0x0000000086100000|100%| O|  |TAMS 0x0000000086000000, 0x0000000086000000| Untracked 
|   9|0x0000000086100000, 0x0000000086200000, 0x0000000086200000|100%|HS|  |TAMS 0x0000000086100000, 0x0000000086100000| Complete 
|  10|0x0000000086200000, 0x0000000086300000, 0x0000000086300000|100%| O|  |TAMS 0x0000000086200000, 0x0000000086200000| Untracked 
|  11|0x0000000086300000, 0x0000000086400000, 0x0000000086400000|100%| O|  |TAMS 0x0000000086300000, 0x0000000086300000| Untracked 
|  12|0x0000000086400000, 0x0000000086500000, 0x0000000086500000|100%| O|  |TAMS 0x0000000086400000, 0x0000000086400000| Untracked 
|  13|0x0000000086500000, 0x0000000086600000, 0x0000000086600000|100%| O|  |TAMS 0x0000000086500000, 0x0000000086500000| Untracked 
|  14|0x0000000086600000, 0x0000000086700000, 0x0000000086700000|100%| O|  |TAMS 0x0000000086600000, 0x0000000086600000| Untracked 
|  15|0x0000000086700000, 0x0000000086800000, 0x0000000086800000|100%| O|  |TAMS 0x0000000086700000, 0x0000000086700000| Untracked 
|  16|0x0000000086800000, 0x0000000086900000, 0x0000000086900000|100%| O|  |TAMS 0x0000000086800000, 0x0000000086800000| Untracked 
|  17|0x0000000086900000, 0x0000000086900000, 0x0000000086a00000|  0%| F|  |TAMS 0x0000000086900000, 0x0000000086900000| Untracked 
|  18|0x0000000086a00000, 0x0000000086a00000, 0x0000000086b00000|  0%| F|  |TAMS 0x0000000086a00000, 0x0000000086a00000| Untracked 
|  19|0x0000000086b00000, 0x0000000086b00000, 0x0000000086c00000|  0%| F|  |TAMS 0x0000000086b00000, 0x0000000086b00000| Untracked 
|  20|0x0000000086c00000, 0x0000000086c00000, 0x0000000086d00000|  0%| F|  |TAMS 0x0000000086c00000, 0x0000000086c00000| Untracked 
|  21|0x0000000086d00000, 0x0000000086d00000, 0x0000000086e00000|  0%| F|  |TAMS 0x0000000086d00000, 0x0000000086d00000| Untracked 
|  22|0x0000000086e00000, 0x0000000086e00000, 0x0000000086f00000|  0%| F|  |TAMS 0x0000000086e00000, 0x0000000086e00000| Untracked 
|  23|0x0000000086f00000, 0x0000000086f00000, 0x0000000087000000|  0%| F|  |TAMS 0x0000000086f00000, 0x0000000086f00000| Untracked 
|  24|0x0000000087000000, 0x0000000087000000, 0x0000000087100000|  0%| F|  |TAMS 0x0000000087000000, 0x0000000087000000| Untracked 
|  25|0x0000000087100000, 0x0000000087100000, 0x0000000087200000|  0%| F|  |TAMS 0x0000000087100000, 0x0000000087100000| Untracked 
|  26|0x0000000087200000, 0x0000000087200000, 0x0000000087300000|  0%| F|  |TAMS 0x0000000087200000, 0x0000000087200000| Untracked 
|  27|0x0000000087300000, 0x0000000087300000, 0x0000000087400000|  0%| F|  |TAMS 0x0000000087300000, 0x0000000087300000| Untracked 
|  28|0x0000000087400000, 0x0000000087400000, 0x0000000087500000|  0%| F|  |TAMS 0x0000000087400000, 0x0000000087400000| Untracked 
|  29|0x0000000087500000, 0x0000000087500000, 0x0000000087600000|  0%| F|  |TAMS 0x0000000087500000, 0x0000000087500000| Untracked 
|  30|0x0000000087600000, 0x0000000087600000, 0x0000000087700000|  0%| F|  |TAMS 0x0000000087600000, 0x0000000087600000| Untracked 
|  31|0x0000000087700000, 0x0000000087700000, 0x0000000087800000|  0%| F|  |TAMS 0x0000000087700000, 0x0000000087700000| Untracked 
|  32|0x0000000087800000, 0x0000000087800000, 0x0000000087900000|  0%| F|  |TAMS 0x0000000087800000, 0x0000000087800000| Untracked 
|  33|0x0000000087900000, 0x0000000087900000, 0x0000000087a00000|  0%| F|  |TAMS 0x0000000087900000, 0x0000000087900000| Untracked 
|  34|0x0000000087a00000, 0x0000000087a00000, 0x0000000087b00000|  0%| F|  |TAMS 0x0000000087a00000, 0x0000000087a00000| Untracked 
|  35|0x0000000087b00000, 0x0000000087b00000, 0x0000000087c00000|  0%| F|  |TAMS 0x0000000087b00000, 0x0000000087b00000| Untracked 
|  36|0x0000000087c00000, 0x0000000087c00000, 0x0000000087d00000|  0%| F|  |TAMS 0x0000000087c00000, 0x0000000087c00000| Untracked 
|  37|0x0000000087d00000, 0x0000000087d00000, 0x0000000087e00000|  0%| F|  |TAMS 0x0000000087d00000, 0x0000000087d00000| Untracked 
|  38|0x0000000087e00000, 0x0000000087e00000, 0x0000000087f00000|  0%| F|  |TAMS 0x0000000087e00000, 0x0000000087e00000| Untracked 
|  39|0x0000000087f00000, 0x0000000087f00000, 0x0000000088000000|  0%| F|  |TAMS 0x0000000087f00000, 0x0000000087f00000| Untracked 
|  40|0x0000000088000000, 0x0000000088100000, 0x0000000088100000|100%| S|CS|TAMS 0x0000000088000000, 0x0000000088000000| Complete 
|  41|0x0000000088100000, 0x0000000088200000, 0x0000000088200000|100%| S|CS|TAMS 0x0000000088100000, 0x0000000088100000| Complete 
|  42|0x0000000088200000, 0x0000000088300000, 0x0000000088300000|100%| S|CS|TAMS 0x0000000088200000, 0x0000000088200000| Complete 
|  43|0x0000000088300000, 0x0000000088400000, 0x0000000088400000|100%| S|CS|TAMS 0x0000000088300000, 0x0000000088300000| Complete 
|  44|0x0000000088400000, 0x0000000088500000, 0x0000000088500000|100%| S|CS|TAMS 0x0000000088400000, 0x0000000088400000| Complete 
|  45|0x0000000088500000, 0x0000000088600000, 0x0000000088600000|100%| S|CS|TAMS 0x0000000088500000, 0x0000000088500000| Complete 
|  46|0x0000000088600000, 0x0000000088700000, 0x0000000088700000|100%| S|CS|TAMS 0x0000000088600000, 0x0000000088600000| Complete 
|  47|0x0000000088700000, 0x0000000088800000, 0x0000000088800000|100%| S|CS|TAMS 0x0000000088700000, 0x0000000088700000| Complete 
|  48|0x0000000088800000, 0x0000000088900000, 0x0000000088900000|100%| S|CS|TAMS 0x0000000088800000, 0x0000000088800000| Complete 
|  49|0x0000000088900000, 0x0000000088a00000, 0x0000000088a00000|100%| S|CS|TAMS 0x0000000088900000, 0x0000000088900000| Complete 
|  50|0x0000000088a00000, 0x0000000088a00000, 0x0000000088b00000|  0%| F|  |TAMS 0x0000000088a00000, 0x0000000088a00000| Untracked 
|  51|0x0000000088b00000, 0x0000000088b00000, 0x0000000088c00000|  0%| F|  |TAMS 0x0000000088b00000, 0x0000000088b00000| Untracked 
|  52|0x0000000088c00000, 0x0000000088c00000, 0x0000000088d00000|  0%| F|  |TAMS 0x0000000088c00000, 0x0000000088c00000| Untracked 
|  53|0x0000000088d00000, 0x0000000088d00000, 0x0000000088e00000|  0%| F|  |TAMS 0x0000000088d00000, 0x0000000088d00000| Untracked 
|  54|0x0000000088e00000, 0x0000000088e00000, 0x0000000088f00000|  0%| F|  |TAMS 0x0000000088e00000, 0x0000000088e00000| Untracked 
|  55|0x0000000088f00000, 0x0000000088f00000, 0x0000000089000000|  0%| F|  |TAMS 0x0000000088f00000, 0x0000000088f00000| Untracked 
|  56|0x0000000089000000, 0x0000000089000000, 0x0000000089100000|  0%| F|  |TAMS 0x0000000089000000, 0x0000000089000000| Untracked 
|  57|0x0000000089100000, 0x0000000089100000, 0x0000000089200000|  0%| F|  |TAMS 0x0000000089100000, 0x0000000089100000| Untracked 
|  58|0x0000000089200000, 0x0000000089200000, 0x0000000089300000|  0%| F|  |TAMS 0x0000000089200000, 0x0000000089200000| Untracked 
|  59|0x0000000089300000, 0x0000000089300000, 0x0000000089400000|  0%| F|  |TAMS 0x0000000089300000, 0x0000000089300000| Untracked 
|  60|0x0000000089400000, 0x0000000089400000, 0x0000000089500000|  0%| F|  |TAMS 0x0000000089400000, 0x0000000089400000| Untracked 
|  61|0x0000000089500000, 0x0000000089500000, 0x0000000089600000|  0%| F|  |TAMS 0x0000000089500000, 0x0000000089500000| Untracked 
|  62|0x0000000089600000, 0x0000000089600000, 0x0000000089700000|  0%| F|  |TAMS 0x0000000089600000, 0x0000000089600000| Untracked 
|  63|0x0000000089700000, 0x0000000089700000, 0x0000000089800000|  0%| F|  |TAMS 0x0000000089700000, 0x0000000089700000| Untracked 
|  64|0x0000000089800000, 0x0000000089800000, 0x0000000089900000|  0%| F|  |TAMS 0x0000000089800000, 0x0000000089800000| Untracked 
|  65|0x0000000089900000, 0x0000000089900000, 0x0000000089a00000|  0%| F|  |TAMS 0x0000000089900000, 0x0000000089900000| Untracked 
|  66|0x0000000089a00000, 0x0000000089a00000, 0x0000000089b00000|  0%| F|  |TAMS 0x0000000089a00000, 0x0000000089a00000| Untracked 
|  67|0x0000000089b00000, 0x0000000089b00000, 0x0000000089c00000|  0%| F|  |TAMS 0x0000000089b00000, 0x0000000089b00000| Untracked 
|  68|0x0000000089c00000, 0x0000000089c00000, 0x0000000089d00000|  0%| F|  |TAMS 0x0000000089c00000, 0x0000000089c00000| Untracked 
|  69|0x0000000089d00000, 0x0000000089d00000, 0x0000000089e00000|  0%| F|  |TAMS 0x0000000089d00000, 0x0000000089d00000| Untracked 
|  70|0x0000000089e00000, 0x0000000089e00000, 0x0000000089f00000|  0%| F|  |TAMS 0x0000000089e00000, 0x0000000089e00000| Untracked 
|  71|0x0000000089f00000, 0x0000000089f00000, 0x000000008a000000|  0%| F|  |TAMS 0x0000000089f00000, 0x0000000089f00000| Untracked 
|  72|0x000000008a000000, 0x000000008a000000, 0x000000008a100000|  0%| F|  |TAMS 0x000000008a000000, 0x000000008a000000| Untracked 
|  73|0x000000008a100000, 0x000000008a100000, 0x000000008a200000|  0%| F|  |TAMS 0x000000008a100000, 0x000000008a100000| Untracked 
|  74|0x000000008a200000, 0x000000008a200000, 0x000000008a300000|  0%| F|  |TAMS 0x000000008a200000, 0x000000008a200000| Untracked 
|  75|0x000000008a300000, 0x000000008a300000, 0x000000008a400000|  0%| F|  |TAMS 0x000000008a300000, 0x000000008a300000| Untracked 
|  76|0x000000008a400000, 0x000000008a400000, 0x000000008a500000|  0%| F|  |TAMS 0x000000008a400000, 0x000000008a400000| Untracked 
|  77|0x000000008a500000, 0x000000008a500000, 0x000000008a600000|  0%| F|  |TAMS 0x000000008a500000, 0x000000008a500000| Untracked 
|  78|0x000000008a600000, 0x000000008a600000, 0x000000008a700000|  0%| F|  |TAMS 0x000000008a600000, 0x000000008a600000| Untracked 
|  79|0x000000008a700000, 0x000000008a700000, 0x000000008a800000|  0%| F|  |TAMS 0x000000008a700000, 0x000000008a700000| Untracked 
|  80|0x000000008a800000, 0x000000008a800000, 0x000000008a900000|  0%| F|  |TAMS 0x000000008a800000, 0x000000008a800000| Untracked 
|  81|0x000000008a900000, 0x000000008a900000, 0x000000008aa00000|  0%| F|  |TAMS 0x000000008a900000, 0x000000008a900000| Untracked 
|  82|0x000000008aa00000, 0x000000008aa00000, 0x000000008ab00000|  0%| F|  |TAMS 0x000000008aa00000, 0x000000008aa00000| Untracked 
|  83|0x000000008ab00000, 0x000000008ab00000, 0x000000008ac00000|  0%| F|  |TAMS 0x000000008ab00000, 0x000000008ab00000| Untracked 
|  84|0x000000008ac00000, 0x000000008ac00000, 0x000000008ad00000|  0%| F|  |TAMS 0x000000008ac00000, 0x000000008ac00000| Untracked 
|  85|0x000000008ad00000, 0x000000008ad00000, 0x000000008ae00000|  0%| F|  |TAMS 0x000000008ad00000, 0x000000008ad00000| Untracked 
|  86|0x000000008ae00000, 0x000000008ae00000, 0x000000008af00000|  0%| F|  |TAMS 0x000000008ae00000, 0x000000008ae00000| Untracked 
|  87|0x000000008af00000, 0x000000008af00000, 0x000000008b000000|  0%| F|  |TAMS 0x000000008af00000, 0x000000008af00000| Untracked 
|  88|0x000000008b000000, 0x000000008b000000, 0x000000008b100000|  0%| F|  |TAMS 0x000000008b000000, 0x000000008b000000| Untracked 
|  89|0x000000008b100000, 0x000000008b100000, 0x000000008b200000|  0%| F|  |TAMS 0x000000008b100000, 0x000000008b100000| Untracked 
|  90|0x000000008b200000, 0x000000008b200000, 0x000000008b300000|  0%| F|  |TAMS 0x000000008b200000, 0x000000008b200000| Untracked 
|  91|0x000000008b300000, 0x000000008b300000, 0x000000008b400000|  0%| F|  |TAMS 0x000000008b300000, 0x000000008b300000| Untracked 
|  92|0x000000008b400000, 0x000000008b400000, 0x000000008b500000|  0%| F|  |TAMS 0x000000008b400000, 0x000000008b400000| Untracked 
|  93|0x000000008b500000, 0x000000008b500000, 0x000000008b600000|  0%| F|  |TAMS 0x000000008b500000, 0x000000008b500000| Untracked 
|  94|0x000000008b600000, 0x000000008b600000, 0x000000008b700000|  0%| F|  |TAMS 0x000000008b600000, 0x000000008b600000| Untracked 
|  95|0x000000008b700000, 0x000000008b700000, 0x000000008b800000|  0%| F|  |TAMS 0x000000008b700000, 0x000000008b700000| Untracked 
|  96|0x000000008b800000, 0x000000008b800000, 0x000000008b900000|  0%| F|  |TAMS 0x000000008b800000, 0x000000008b800000| Untracked 
|  97|0x000000008b900000, 0x000000008b900000, 0x000000008ba00000|  0%| F|  |TAMS 0x000000008b900000, 0x000000008b900000| Untracked 
|  98|0x000000008ba00000, 0x000000008ba00000, 0x000000008bb00000|  0%| F|  |TAMS 0x000000008ba00000, 0x000000008ba00000| Untracked 
|  99|0x000000008bb00000, 0x000000008bb00000, 0x000000008bc00000|  0%| F|  |TAMS 0x000000008bb00000, 0x000000008bb00000| Untracked 
| 100|0x000000008bc00000, 0x000000008bc00000, 0x000000008bd00000|  0%| F|  |TAMS 0x000000008bc00000, 0x000000008bc00000| Untracked 
| 101|0x000000008bd00000, 0x000000008bd00000, 0x000000008be00000|  0%| F|  |TAMS 0x000000008bd00000, 0x000000008bd00000| Untracked 
| 102|0x000000008be00000, 0x000000008be00000, 0x000000008bf00000|  0%| F|  |TAMS 0x000000008be00000, 0x000000008be00000| Untracked 
| 103|0x000000008bf00000, 0x000000008bf00000, 0x000000008c000000|  0%| F|  |TAMS 0x000000008bf00000, 0x000000008bf00000| Untracked 
| 104|0x000000008c000000, 0x000000008c000000, 0x000000008c100000|  0%| F|  |TAMS 0x000000008c000000, 0x000000008c000000| Untracked 
| 105|0x000000008c100000, 0x000000008c100000, 0x000000008c200000|  0%| F|  |TAMS 0x000000008c100000, 0x000000008c100000| Untracked 
| 106|0x000000008c200000, 0x000000008c200000, 0x000000008c300000|  0%| F|  |TAMS 0x000000008c200000, 0x000000008c200000| Untracked 
| 107|0x000000008c300000, 0x000000008c300000, 0x000000008c400000|  0%| F|  |TAMS 0x000000008c300000, 0x000000008c300000| Untracked 
| 108|0x000000008c400000, 0x000000008c400000, 0x000000008c500000|  0%| F|  |TAMS 0x000000008c400000, 0x000000008c400000| Untracked 
| 109|0x000000008c500000, 0x000000008c500000, 0x000000008c600000|  0%| F|  |TAMS 0x000000008c500000, 0x000000008c500000| Untracked 
| 110|0x000000008c600000, 0x000000008c600000, 0x000000008c700000|  0%| F|  |TAMS 0x000000008c600000, 0x000000008c600000| Untracked 
| 111|0x000000008c700000, 0x000000008c700000, 0x000000008c800000|  0%| F|  |TAMS 0x000000008c700000, 0x000000008c700000| Untracked 
| 112|0x000000008c800000, 0x000000008c800000, 0x000000008c900000|  0%| F|  |TAMS 0x000000008c800000, 0x000000008c800000| Untracked 
| 113|0x000000008c900000, 0x000000008c900000, 0x000000008ca00000|  0%| F|  |TAMS 0x000000008c900000, 0x000000008c900000| Untracked 
| 114|0x000000008ca00000, 0x000000008ca00000, 0x000000008cb00000|  0%| F|  |TAMS 0x000000008ca00000, 0x000000008ca00000| Untracked 
| 115|0x000000008cb00000, 0x000000008cb00000, 0x000000008cc00000|  0%| F|  |TAMS 0x000000008cb00000, 0x000000008cb00000| Untracked 
| 116|0x000000008cc00000, 0x000000008cc00000, 0x000000008cd00000|  0%| F|  |TAMS 0x000000008cc00000, 0x000000008cc00000| Untracked 
| 117|0x000000008cd00000, 0x000000008cd00000, 0x000000008ce00000|  0%| F|  |TAMS 0x000000008cd00000, 0x000000008cd00000| Untracked 
| 118|0x000000008ce00000, 0x000000008ce00000, 0x000000008cf00000|  0%| F|  |TAMS 0x000000008ce00000, 0x000000008ce00000| Untracked 
| 119|0x000000008cf00000, 0x000000008cf00000, 0x000000008d000000|  0%| F|  |TAMS 0x000000008cf00000, 0x000000008cf00000| Untracked 
| 120|0x000000008d000000, 0x000000008d000000, 0x000000008d100000|  0%| F|  |TAMS 0x000000008d000000, 0x000000008d000000| Untracked 
| 121|0x000000008d100000, 0x000000008d100000, 0x000000008d200000|  0%| F|  |TAMS 0x000000008d100000, 0x000000008d100000| Untracked 
| 122|0x000000008d200000, 0x000000008d200000, 0x000000008d300000|  0%| F|  |TAMS 0x000000008d200000, 0x000000008d200000| Untracked 
| 123|0x000000008d300000, 0x000000008d300000, 0x000000008d400000|  0%| F|  |TAMS 0x000000008d300000, 0x000000008d300000| Untracked 

Card table byte_map: [0x00000200ccd60000,0x00000200cd140000] _byte_map_base: 0x00000200cc934000

Marking Bits (Prev, Next): (CMBitMap*) 0x00000200b32c5240, (CMBitMap*) 0x00000200b32c5208
 Prev Bits: [0x00000200cf3c0000, 0x00000200d1260000)
 Next Bits: [0x00000200cd520000, 0x00000200cf3c0000)

Polling page: 0x00000200bcef0000

Metaspace:

Usage:
  Non-class:     27.74 MB capacity,    27.25 MB ( 98%) used,   443.35 KB (  2%) free+waste,    49.50 KB ( <1%) overhead. 
      Class:      3.50 MB capacity,     3.27 MB ( 93%) used,   217.11 KB (  6%) free+waste,    21.25 KB ( <1%) overhead. 
       Both:     31.23 MB capacity,    30.52 MB ( 98%) used,   660.46 KB (  2%) free+waste,    70.75 KB ( <1%) overhead. 

Virtual space:
  Non-class space:       28.00 MB reserved,      27.92 MB (>99%) committed 
      Class space:        1.00 GB reserved,       3.50 MB ( <1%) committed 
             Both:        1.03 GB reserved,      31.42 MB (  3%) committed 

Chunk freelists:
   Non-Class:  7.88 KB
       Class:  256 bytes
        Both:  8.13 KB

CodeHeap 'non-profiled nmethods': size=120000Kb used=2460Kb max_used=2460Kb free=117539Kb
 bounds [0x00000200c49e0000, 0x00000200c4c50000, 0x00000200cbf10000]
CodeHeap 'profiled nmethods': size=120000Kb used=9748Kb max_used=9748Kb free=110251Kb
 bounds [0x00000200bd4b0000, 0x00000200bde40000, 0x00000200c49e0000]
CodeHeap 'non-nmethods': size=5760Kb used=1131Kb max_used=1172Kb free=4628Kb
 bounds [0x00000200bcf10000, 0x00000200bd180000, 0x00000200bd4b0000]
 total_blobs=4906 nmethods=4446 adapters=371
 compilation: enabled
              stopped_count=0, restarted_count=0
 full_count=0

Compilation events (10 events):
Event: 4.282 Thread 0x00000200d4681800 nmethod 4453 0x00000200bde31490 code [0x00000200bde31740, 0x00000200bde325e8]
Event: 4.282 Thread 0x00000200d4681800 4450   !   3       java.nio.file.Files::isDirectory (42 bytes)
Event: 4.282 Thread 0x00000200d5714000 nmethod 4457 0x00000200c4c47090 code [0x00000200c4c47220, 0x00000200c4c47298]
Event: 4.283 Thread 0x00000200d4681800 nmethod 4450 0x00000200bde32a90 code [0x00000200bde32d00, 0x00000200bde33958]
Event: 4.283 Thread 0x00000200d4681800 4452       3       jdk.internal.jrtfs.JrtPath::getResolved (50 bytes)
Event: 4.283 Thread 0x00000200d4681800 nmethod 4452 0x00000200bde33e10 code [0x00000200bde34060, 0x00000200bde34898]
Event: 4.283 Thread 0x00000200d4681800 4454       3       jdk.internal.jrtfs.JrtPath::<init> (23 bytes)
Event: 4.284 Thread 0x00000200d4681800 nmethod 4454 0x00000200bde34c10 code [0x00000200bde34dc0, 0x00000200bde35088]
Event: 4.284 Thread 0x00000200d4681800 4455       3       jdk.internal.jrtfs.JrtPath::resolve (125 bytes)
Event: 4.284 Thread 0x00000200d5714000 4459       4       jdk.internal.jimage.ImageLocation::getAttributeString (54 bytes)

GC Heap History (9 events):
Event: 0.630 GC heap before
{Heap before GC invocations=0 (full 0):
 garbage-first heap   total 126976K, used 23552K [0x0000000085800000, 0x0000000100000000)
  region size 1024K, 24 young (24576K), 0 survivors (0K)
 Metaspace       used 13038K, capacity 13299K, committed 13440K, reserved 1060864K
  class space    used 1315K, capacity 1390K, committed 1408K, reserved 1048576K
}
Event: 0.637 GC heap after
{Heap after GC invocations=1 (full 0):
 garbage-first heap   total 126976K, used 3560K [0x0000000085800000, 0x0000000100000000)
  region size 1024K, 3 young (3072K), 3 survivors (3072K)
 Metaspace       used 13038K, capacity 13299K, committed 13440K, reserved 1060864K
  class space    used 1315K, capacity 1390K, committed 1408K, reserved 1048576K
}
Event: 1.628 GC heap before
{Heap before GC invocations=1 (full 0):
 garbage-first heap   total 126976K, used 70120K [0x0000000085800000, 0x0000000100000000)
  region size 1024K, 69 young (70656K), 3 survivors (3072K)
 Metaspace       used 20665K, capacity 21117K, committed 21296K, reserved 1069056K
  class space    used 2211K, capacity 2359K, committed 2432K, reserved 1048576K
}
Event: 1.649 GC heap after
{Heap after GC invocations=2 (full 0):
 garbage-first heap   total 126976K, used 8502K [0x0000000085800000, 0x0000000100000000)
  region size 1024K, 8 young (8192K), 8 survivors (8192K)
 Metaspace       used 20665K, capacity 21117K, committed 21296K, reserved 1069056K
  class space    used 2211K, capacity 2359K, committed 2432K, reserved 1048576K
}
Event: 2.544 GC heap before
{Heap before GC invocations=3 (full 0):
 garbage-first heap   total 126976K, used 76086K [0x0000000085800000, 0x0000000100000000)
  region size 1024K, 74 young (75776K), 8 survivors (8192K)
 Metaspace       used 22089K, capacity 22616K, committed 22960K, reserved 1069056K
  class space    used 2315K, capacity 2472K, committed 2560K, reserved 1048576K
}
Event: 2.567 GC heap after
{Heap after GC invocations=4 (full 0):
 garbage-first heap   total 126976K, used 12657K [0x0000000085800000, 0x0000000100000000)
  region size 1024K, 9 young (9216K), 9 survivors (9216K)
 Metaspace       used 22089K, capacity 22616K, committed 22960K, reserved 1069056K
  class space    used 2315K, capacity 2472K, committed 2560K, reserved 1048576K
}
Event: 3.262 GC heap before
{Heap before GC invocations=4 (full 0):
 garbage-first heap   total 126976K, used 79217K [0x0000000085800000, 0x0000000100000000)
  region size 1024K, 74 young (75776K), 9 survivors (9216K)
 Metaspace       used 25145K, capacity 25749K, committed 25776K, reserved 1073152K
  class space    used 2628K, capacity 2798K, committed 2816K, reserved 1048576K
}
Event: 3.285 GC heap after
{Heap after GC invocations=5 (full 0):
 garbage-first heap   total 126976K, used 14336K [0x0000000085800000, 0x0000000100000000)
  region size 1024K, 6 young (6144K), 6 survivors (6144K)
 Metaspace       used 25145K, capacity 25749K, committed 25776K, reserved 1073152K
  class space    used 2628K, capacity 2798K, committed 2816K, reserved 1048576K
}
Event: 4.284 GC heap before
{Heap before GC invocations=5 (full 0):
 garbage-first heap   total 126976K, used 84992K [0x0000000085800000, 0x0000000100000000)
  region size 1024K, 74 young (75776K), 6 survivors (6144K)
 Metaspace       used 31251K, capacity 31983K, committed 32176K, reserved 1077248K
  class space    used 3343K, capacity 3582K, committed 3584K, reserved 1048576K
}

Deoptimization events (10 events):
Event: 3.647 Thread 0x00000200b3286800 Uncommon trap: reason=bimorphic_or_optimized_type_check action=maybe_recompile pc=0x00000200c4b43cc4 method=java.util.regex.Pattern$CharPropertyGreedy.match(Ljava/util/regex/Matcher;ILjava/lang/CharSequence;)Z @ 28 c2
Event: 3.651 Thread 0x00000200b3286800 Uncommon trap: reason=bimorphic_or_optimized_type_check action=maybe_recompile pc=0x00000200c4b43cc4 method=java.util.regex.Pattern$CharPropertyGreedy.match(Ljava/util/regex/Matcher;ILjava/lang/CharSequence;)Z @ 28 c2
Event: 3.653 Thread 0x00000200b3286800 Uncommon trap: reason=bimorphic_or_optimized_type_check action=maybe_recompile pc=0x00000200c4b43cc4 method=java.util.regex.Pattern$CharPropertyGreedy.match(Ljava/util/regex/Matcher;ILjava/lang/CharSequence;)Z @ 28 c2
Event: 3.733 Thread 0x00000200b3286800 Uncommon trap: reason=unstable_if action=reinterpret pc=0x00000200c4c031bc method=com.sun.tools.javac.util.Name$Table.equals([BI[BII)Z @ 22 c2
Event: 3.742 Thread 0x00000200b3286800 Uncommon trap: reason=unstable_if action=reinterpret pc=0x00000200c4bfb3f8 method=sun.nio.fs.WindowsPathParser.nextNonSlash(Ljava/lang/String;II)I @ 2 c2
Event: 3.952 Thread 0x00000200b3286800 Uncommon trap: reason=unstable_if action=reinterpret pc=0x00000200c4c2287c method=java.time.LocalDate.create(III)Ljava/time/LocalDate; @ 3 c2
Event: 4.250 Thread 0x00000200b3286800 Uncommon trap: reason=class_check action=maybe_recompile pc=0x00000200c4c2a900 method=java.nio.file.Files$AcceptAllFilter.accept(Ljava/lang/Object;)Z @ 2 c2
Event: 4.250 Thread 0x00000200b3286800 Uncommon trap: reason=class_check action=maybe_recompile pc=0x00000200c4c2a900 method=java.nio.file.Files$AcceptAllFilter.accept(Ljava/lang/Object;)Z @ 2 c2
Event: 4.250 Thread 0x00000200b3286800 Uncommon trap: reason=class_check action=maybe_recompile pc=0x00000200c4c2a900 method=java.nio.file.Files$AcceptAllFilter.accept(Ljava/lang/Object;)Z @ 2 c2
Event: 4.250 Thread 0x00000200b3286800 Uncommon trap: reason=class_check action=maybe_recompile pc=0x00000200c4c2a900 method=java.nio.file.Files$AcceptAllFilter.accept(Ljava/lang/Object;)Z @ 2 c2

Classes redefined (0 events):
No events

Internal exceptions (10 events):
Event: 4.264 Thread 0x00000200b3286800 Exception <a 'sun/nio/fs/WindowsException'{0x000000008919e330}> (0x000000008919e330) thrown at [./open/src/hotspot/share/prims/jni.cpp, line 611]
Event: 4.265 Thread 0x00000200b3286800 Exception <a 'sun/nio/fs/WindowsException'{0x00000000891a1ba8}> (0x00000000891a1ba8) thrown at [./open/src/hotspot/share/prims/jni.cpp, line 611]
Event: 4.265 Thread 0x00000200b3286800 Exception <a 'sun/nio/fs/WindowsException'{0x00000000891a1f78}> (0x00000000891a1f78) thrown at [./open/src/hotspot/share/prims/jni.cpp, line 611]
Event: 4.266 Thread 0x00000200b3286800 Exception <a 'sun/nio/fs/WindowsException'{0x00000000891a4448}> (0x00000000891a4448) thrown at [./open/src/hotspot/share/prims/jni.cpp, line 611]
Event: 4.266 Thread 0x00000200b3286800 Exception <a 'sun/nio/fs/WindowsException'{0x00000000891a47a8}> (0x00000000891a47a8) thrown at [./open/src/hotspot/share/prims/jni.cpp, line 611]
Event: 4.266 Thread 0x00000200b3286800 Exception <a 'sun/nio/fs/WindowsException'{0x00000000891a5708}> (0x00000000891a5708) thrown at [./open/src/hotspot/share/prims/jni.cpp, line 611]
Event: 4.267 Thread 0x00000200b3286800 Exception <a 'sun/nio/fs/WindowsException'{0x00000000891a5a18}> (0x00000000891a5a18) thrown at [./open/src/hotspot/share/prims/jni.cpp, line 611]
Event: 4.267 Thread 0x00000200b3286800 Exception <a 'sun/nio/fs/WindowsException'{0x00000000891a6b58}> (0x00000000891a6b58) thrown at [./open/src/hotspot/share/prims/jni.cpp, line 611]
Event: 4.269 Thread 0x00000200b3286800 Exception <a 'sun/nio/fs/WindowsException'{0x00000000891aa4b0}> (0x00000000891aa4b0) thrown at [./open/src/hotspot/share/prims/jni.cpp, line 611]
Event: 4.269 Thread 0x00000200b3286800 Exception <a 'sun/nio/fs/WindowsException'{0x00000000891aa890}> (0x00000000891aa890) thrown at [./open/src/hotspot/share/prims/jni.cpp, line 611]

Events (10 events):
Event: 4.269 loading class com/sun/tools/javac/code/Scope done
Event: 4.269 loading class com/sun/tools/javac/code/Symbol$PackageSymbol
Event: 4.269 loading class com/sun/tools/javac/code/Symbol$PackageSymbol done
Event: 4.269 loading class com/sun/tools/javac/comp/TypeEnter$ImportsPhase
Event: 4.269 loading class com/sun/tools/javac/comp/TypeEnter$ImportsPhase done
Event: 4.270 loading class com/sun/tools/javac/code/Symbol$PackageSymbol
Event: 4.270 loading class com/sun/tools/javac/code/Symbol$PackageSymbol done
Event: 4.270 loading class com/sun/tools/javac/comp/TypeEnter$ImportsPhase
Event: 4.270 loading class com/sun/tools/javac/comp/TypeEnter$ImportsPhase done
Event: 4.284 Executing VM operation: G1CollectForAllocation


Dynamic libraries:
0x00007ff6c03f0000 - 0x00007ff6c03ff000 	C:\Program Files\Java\jdk-11.0.12\bin\java.exe
0x00007ffefb9d0000 - 0x00007ffefbbc7000 	C:\Windows\SYSTEM32\ntdll.dll
0x00007ffef9e70000 - 0x00007ffef9f2d000 	C:\Windows\System32\KERNEL32.DLL
0x00007ffef9410000 - 0x00007ffef96dd000 	C:\Windows\System32\KERNELBASE.dll
0x00007ffef61c0000 - 0x00007ffef6250000 	C:\Windows\SYSTEM32\apphelp.dll
0x00007ffef9930000 - 0x00007ffef9a30000 	C:\Windows\System32\ucrtbase.dll
0x00007ffef4390000 - 0x00007ffef43a5000 	C:\Program Files\Java\jdk-11.0.12\bin\VCRUNTIME140.dll
0x00007ffef44c0000 - 0x00007ffef44d8000 	C:\Program Files\Java\jdk-11.0.12\bin\jli.dll
0x00007ffefa3c0000 - 0x00007ffefa46e000 	C:\Windows\System32\ADVAPI32.dll
0x00007ffef9b30000 - 0x00007ffef9bce000 	C:\Windows\System32\msvcrt.dll
0x00007ffef9bd0000 - 0x00007ffef9c6c000 	C:\Windows\System32\sechost.dll
0x00007ffefa290000 - 0x00007ffefa3b5000 	C:\Windows\System32\RPCRT4.dll
0x00007ffefb210000 - 0x00007ffefb3b0000 	C:\Windows\System32\USER32.dll
0x00007ffef9360000 - 0x00007ffef9382000 	C:\Windows\System32\win32u.dll
0x00007ffeeb9f0000 - 0x00007ffeebc8a000 	C:\Windows\WinSxS\amd64_microsoft.windows.common-controls_6595b64144ccf1df_6.0.19041.1110_none_60b5254171f9507e\COMCTL32.dll
0x00007ffef9b00000 - 0x00007ffef9b2a000 	C:\Windows\System32\GDI32.dll
0x00007ffef9790000 - 0x00007ffef989b000 	C:\Windows\System32\gdi32full.dll
0x00007ffef92c0000 - 0x00007ffef935d000 	C:\Windows\System32\msvcp_win.dll
0x00007ffef14e0000 - 0x00007ffef14ea000 	C:\Windows\SYSTEM32\VERSION.dll
0x00007ffefa940000 - 0x00007ffefa970000 	C:\Windows\System32\IMM32.DLL
0x00007ffed1d60000 - 0x00007ffed1dfb000 	C:\Program Files\Java\jdk-11.0.12\bin\msvcp140.dll
0x00007ffe6cec0000 - 0x00007ffe6d9bf000 	C:\Program Files\Java\jdk-11.0.12\bin\server\jvm.dll
0x00007ffefb510000 - 0x00007ffefb518000 	C:\Windows\System32\PSAPI.DLL
0x00007ffee50b0000 - 0x00007ffee50b9000 	C:\Windows\SYSTEM32\WSOCK32.dll
0x00007ffeeb7a0000 - 0x00007ffeeb7c7000 	C:\Windows\SYSTEM32\WINMM.dll
0x00007ffefa4d0000 - 0x00007ffefa53b000 	C:\Windows\System32\WS2_32.dll
0x00007ffef7980000 - 0x00007ffef7992000 	C:\Windows\SYSTEM32\kernel.appcore.dll
0x00007ffef44e0000 - 0x00007ffef44f0000 	C:\Program Files\Java\jdk-11.0.12\bin\verify.dll
0x00007ffef6ee0000 - 0x00007ffef70c4000 	C:\Windows\SYSTEM32\DBGHELP.DLL
0x00007ffee0470000 - 0x00007ffee049c000 	C:\Windows\SYSTEM32\dbgcore.DLL
0x00007ffef98a0000 - 0x00007ffef9922000 	C:\Windows\System32\bcryptPrimitives.dll
0x00007ffeed9d0000 - 0x00007ffeed9f8000 	C:\Program Files\Java\jdk-11.0.12\bin\java.dll
0x00007ffef43d0000 - 0x00007ffef43da000 	C:\Program Files\Java\jdk-11.0.12\bin\jimage.dll
0x00007ffed1a80000 - 0x00007ffed1a96000 	C:\Program Files\Java\jdk-11.0.12\bin\zip.dll
0x00007ffefa970000 - 0x00007ffefb0b4000 	C:\Windows\System32\SHELL32.dll
0x00007ffef71d0000 - 0x00007ffef7964000 	C:\Windows\SYSTEM32\windows.storage.dll
0x00007ffef9f30000 - 0x00007ffefa284000 	C:\Windows\System32\combase.dll
0x00007ffef8b50000 - 0x00007ffef8b7c000 	C:\Windows\SYSTEM32\Wldp.dll
0x00007ffefa5b0000 - 0x00007ffefa65d000 	C:\Windows\System32\SHCORE.dll
0x00007ffefb490000 - 0x00007ffefb4e5000 	C:\Windows\System32\shlwapi.dll
0x00007ffef9030000 - 0x00007ffef904f000 	C:\Windows\SYSTEM32\profapi.dll
0x00007ffed1a60000 - 0x00007ffed1a79000 	C:\Program Files\Java\jdk-11.0.12\bin\net.dll
0x00007ffeeecd0000 - 0x00007ffeeedda000 	C:\Windows\SYSTEM32\WINHTTP.dll
0x00007ffef88b0000 - 0x00007ffef891a000 	C:\Windows\system32\mswsock.dll
0x00007ffed1a40000 - 0x00007ffed1a52000 	C:\Program Files\Java\jdk-11.0.12\bin\nio.dll
0x0000000069ac0000 - 0x0000000069ae4000 	C:\Users\andre\AppData\Local\Temp\jansi-2.4.0-7d6c8a611ea9623d-jansi.dll

dbghelp: loaded successfully - version: 4.0.5 - missing functions: none
symbol engine: initialized successfully - sym options: 0x614 - pdb path: .;C:\Program Files\Java\jdk-11.0.12\bin;C:\Windows\SYSTEM32;C:\Windows\WinSxS\amd64_microsoft.windows.common-controls_6595b64144ccf1df_6.0.19041.1110_none_60b5254171f9507e;C:\Program Files\Java\jdk-11.0.12\bin\server;C:\Users\andre\AppData\Local\Temp

VM Arguments:
jvm_args: -Dmaven.multiModuleProjectDirectory=C:\Users\andre\Documents\NetBeansProjects\apiBookRest 
java_command: org.apache.maven.wrapper.MavenWrapperMain -Dmaven.ext.class.path=C:\Program Files\NetBeans-14\netbeans\java\maven-nblib\netbeans-eventspy.jar -Dfile.encoding=UTF-8 clean install
java_class_path (initial): C:\Users\andre\Documents\NetBeansProjects\apiBookRest\.mvn\wrapper\maven-wrapper.jar
Launcher Type: SUN_STANDARD

[Global flags]
     intx CICompilerCount                          = 4                                         {product} {ergonomic}
     uint ConcGCThreads                            = 2                                         {product} {ergonomic}
     uint G1ConcRefinementThreads                  = 8                                         {product} {ergonomic}
   size_t G1HeapRegionSize                         = 1048576                                   {product} {ergonomic}
    uintx GCDrainStackTargetSize                   = 64                                        {product} {ergonomic}
   size_t InitialHeapSize                          = 130023424                                 {product} {ergonomic}
   size_t MarkStackSize                            = 4194304                                   {product} {ergonomic}
   size_t MaxHeapSize                              = 2055208960                                {product} {ergonomic}
   size_t MaxNewSize                               = 1233125376                                {product} {ergonomic}
   size_t MinHeapDeltaBytes                        = 1048576                                   {product} {ergonomic}
    uintx NonNMethodCodeHeapSize                   = 5836300                                {pd product} {ergonomic}
    uintx NonProfiledCodeHeapSize                  = 122910970                              {pd product} {ergonomic}
    uintx ProfiledCodeHeapSize                     = 122910970                              {pd product} {ergonomic}
    uintx ReservedCodeCacheSize                    = 251658240                              {pd product} {ergonomic}
     bool SegmentedCodeCache                       = true                                      {product} {ergonomic}
     bool UseCompressedClassPointers               = true                                 {lp64_product} {ergonomic}
     bool UseCompressedOops                        = true                                 {lp64_product} {ergonomic}
     bool UseG1GC                                  = true                                      {product} {ergonomic}
     bool UseLargePagesIndividualAllocation        = false                                  {pd product} {ergonomic}

Logging:
Log output configuration:
 #0: stdout all=warning uptime,level,tags
 #1: stderr all=off uptime,level,tags

Environment Variables:
JAVA_HOME=C:\Program Files\Java\jdk-11.0.12
PATH=C:\Windows\system32;C:\Windows;C:\Windows\System32\Wbem;C:\Windows\System32\WindowsPowerShell\v1.0\;C:\Windows\System32\OpenSSH\;C:\Program Files\nodejs\;C:\Users\andre\AppData\Roaming\npm;C:\Program Files\Git\cmd;C:\Program Files\PuTTY\;C:\Program Files\Microsoft SQL Server\150\Tools\Binn\;C:\Program Files\dotnet\;C:\apache-maven-3.8.3\bin;C:\Program Files\Java\jdk-11.0.12\bin;C:\apache-maven-3.8.6\bin;C:\Program Files\Microsoft SQL Server\Client SDK\ODBC\170\Tools\Binn\;C:\Program Files (x86)\Microsoft SQL Server\150\Tools\Binn\;C:\Program Files\Microsoft SQL Server\150\DTS\Binn\;C:\Program Files (x86)\Microsoft SQL Server\150\DTS\Binn\;C:\Program Files\Azure Data Studio\bin;C:\Users\andre\AppData\Local\Microsoft\WindowsApps;C:\Users\andre\AppData\Roaming\npm;C:\Users\andre\AppData\Local\Programs\Microsoft VS Code\bin;C:\Program Files\JetBrains\IntelliJ IDEA Community Edition 2021.2.1\bin;;C:\src\flutter\bin;C:\Program Files\Java\jdk-11.0.12\bin;C:\Users\andre\.dotnet\tools;C:\Program Files\heroku\bin;C:\Users\andre\AppData\Local\GitHubDesktop\bin;;C:\Program Files\Azure Data Studio\bin
USERNAME=ACE
OS=Windows_NT
PROCESSOR_IDENTIFIER=Intel64 Family 6 Model 142 Stepping 10, GenuineIntel



---------------  S Y S T E M  ---------------

OS: Windows 10 , 64 bit Build 19041 (10.0.19041.1741)

CPU:total 8 (initial active 8) (4 cores per cpu, 2 threads per core) family 6 model 142 stepping 10 microcode 0xe0, cmov, cx8, fxsr, mmx, sse, sse2, sse3, ssse3, sse4.1, sse4.2, popcnt, avx, avx2, aes, clmul, erms, 3dnowpref, lzcnt, ht, tsc, tscinvbit, bmi1, bmi2, adx, fma

Memory: 4k page, system-wide physical 7838M (480M free)
TotalPageFile size 20126M (AvailPageFile size 22M)
current process WorkingSet (physical memory assigned to process): 228M, peak: 228M
current process commit charge ("private bytes"): 285M, peak: 323M

vm_info: Java HotSpot(TM) 64-Bit Server VM (11.0.12+8-LTS-237) for windows-amd64 JRE (11.0.12+8-LTS-237), built on Jun  8 2021 11:25:59 by "mach5one" with MS VC++ 15.9 (VS2017)

END.
